2013-10-01 03:47:59,611: DEBUG: root: 
========================================================
SETTING UP testrepo.tq_search.search_existing_ticket.test_pagination.TestPagination at 2013-10-01 03:47:59.611174
========================================================
2013-10-01 03:47:59,614: ERROR: ccengine.domain.configuration.AuthConfig: No option 'api_key' in section: 'auth'
2013-10-01 03:47:59,615: DEBUG: ccengine.common.connectors.rest: (<ccengine.clients.auth.auth_client.AuthClient object at 0xae9f590>, 'POST', 'https://ws.staging.core.rackspace.com/ctkapi/login/melissa.biles') {'headers': {}, 'params': {}, 'data': '{"password": "qwerty"}', 'auth': None, 'verify': False}
2013-10-01 03:47:59,626: INFO: requests.packages.urllib3.connectionpool: Starting new HTTPS connection (1): ws.staging.core.rackspace.com
2013-10-01 03:48:01,238: DEBUG: requests.packages.urllib3.connectionpool: "POST /ctkapi/login/melissa.biles HTTP/1.1" 200 None
2013-10-01 03:48:01,314: DEBUG: ccengine.common.connectors.rest: 
------------
REQUEST SENT
------------
request method  : POST
request url     : https://ws.staging.core.rackspace.com/ctkapi/login/melissa.biles
request params  : 
request headers : CaseInsensitiveDict({'Content-Length': u'22', 'Accept-Encoding': 'gzip, deflate, compress', 'Accept': '*/*', 'User-Agent': 'python-requests/1.2.3 CPython/2.7.3 Linux/2.6.18-348.2.1.el5xen'})
request body    : {"password": "qwerty"}

2013-10-01 03:48:01,314: DEBUG: ccengine.common.connectors.rest: 
-----------------
RESPONSE RECIEVED
-----------------
response status  : <Response [200]>
response time    : 1.69881796837
response headers : CaseInsensitiveDict({'date': 'Tue, 01 Oct 2013 03:29:55 GMT', 'transfer-encoding': 'chunked', 'content-type': 'application/json', 'server': 'Apache/2.2.3 (Red Hat)'})
response body    : {"authtoken": "8d2a3d5929cd53cc4ba5daf0458b2c49"}
-------------------------------------------------------------------------------
2013-10-01 03:48:01,318: DEBUG: root: 
========================================================
test_incorrect_sorting_specified_raises_bad_request STARTING at 2013-10-01 03:48:01.318098
========================================================
2013-10-01 03:48:01,318: DEBUG: ccengine.common.connectors.rest: (<ccengine.clients.tq_search.gate_api.SearchApiClient object at 0xae9b710>, 'GET', 'http://staging.search.api.rackspace.com/tickets') {'headers': {}, 'params': {'status': None, 'sort': 'number|xyz', 'queue': None, 'updatedAt': None, 'number': None, 'priority': None, 'limit': 100, 'createdAt_range': '[2013-03-12T08:00:26.000Z,2013-03-12T11:02:26.000Z]', 'offset': 0, 'category': None, 'createdAt': None, 'subject': None}, 'data': None, 'auth': None, 'verify': False}
2013-10-01 03:48:01,319: INFO: requests.packages.urllib3.connectionpool: Starting new HTTP connection (1): staging.search.api.rackspace.com
2013-10-01 03:48:01,347: DEBUG: requests.packages.urllib3.connectionpool: "GET /tickets?sort=number%7Cxyz&limit=100&createdAt_range=%5B2013-03-12T08%3A00%3A26.000Z%2C2013-03-12T11%3A02%3A26.000Z%5D&offset=0 HTTP/1.1" 400 None
2013-10-01 03:48:01,348: DEBUG: ccengine.common.connectors.rest: 
------------
REQUEST SENT
------------
request method  : GET
request url     : http://staging.search.api.rackspace.com/tickets
request params  : sort=number%7Cxyz&limit=100&createdAt_range=%5B2013-03-12T08%3A00%3A26.000Z%2C2013-03-12T11%3A02%3A26.000Z%5D&offset=0
request headers : CaseInsensitiveDict({'Accept-Encoding': 'gzip, deflate, compress', 'Accept': '*/*', 'User-Agent': 'python-requests/1.2.3 CPython/2.7.3 Linux/2.6.18-348.2.1.el5xen'})
request body    : None

2013-10-01 03:48:01,348: DEBUG: ccengine.common.connectors.rest: 
-----------------
RESPONSE RECIEVED
-----------------
response status  : <Response [400]>
response time    : 0.0297210216522
response headers : CaseInsensitiveDict({'date': 'Tue, 01 Oct 2013 03:31:58 GMT', 'transfer-encoding': 'chunked', 'connection': 'keep-alive', 'content-type': 'application/json', 'server': 'nginx/1.1.19'})
response body    : {"badRequest":{"message":"Bad Request","detail":"No enum constant org.elasticsearch.search.sort.SortOrder.XYZ","code":400}}
-------------------------------------------------------------------------------
2013-10-01 03:48:01,349: ERROR: ccengine.domain.tq_search.response.tq_search.Search: argument of type 'NoneType' is not iterable
Traceback (most recent call last):
  File "/var/lib/jenkins/jobs/CloudCafe(Negative)/workspace/lib/ccengine/domain/base_domain.py", line 93, in deserialize
    ret = getattr(cls, '_%s_to_obj' % format_type)(serialized_str)
  File "/var/lib/jenkins/jobs/CloudCafe(Negative)/workspace/lib/ccengine/domain/tq_search/response/tq_search.py", line 94, in _json_to_obj
    ret.ticket = TicketDetails(response)
  File "/var/lib/jenkins/jobs/CloudCafe(Negative)/workspace/lib/ccengine/domain/tq_search/response/tq_search.py", line 114, in __init__
    if not "source_system" in ticket:
TypeError: argument of type 'NoneType' is not iterable
2013-10-01 03:48:01,378: DEBUG: ccengine.domain.tq_search.response.tq_search.Search: Deserialization Error: Attempted to deserialize type using type: json
2013-10-01 03:48:01,378: DEBUG: ccengine.domain.tq_search.response.tq_search.Search: Deserialization Error: Unble to deserialize the following:
{"badRequest":{"message":"Bad Request","detail":"No enum constant org.elasticsearch.search.sort.SortOrder.XYZ","code":400}}
2013-10-01 03:48:01,379: DEBUG: root: 
========================================================
TEARING DOWN TestPagination at 2013-10-01 03:48:01.379254
========================================================
2013-10-01 03:48:06,387: DEBUG: root: 
========================================================
TEARING DOWN TestPagination at 2013-10-01 03:48:06.387889
========================================================
2013-10-01 03:48:06,390: DEBUG: root: 
========================================================
SETTING UP testrepo.tq_search.search_existing_ticket.test_list_tickets.TestListTickets at 2013-10-01 03:48:06.390379
========================================================
2013-10-01 03:48:06,393: ERROR: ccengine.domain.configuration.AuthConfig: No option 'api_key' in section: 'auth'
2013-10-01 03:48:06,393: DEBUG: ccengine.common.connectors.rest: (<ccengine.clients.auth.auth_client.AuthClient object at 0xaf36d50>, 'POST', 'https://ws.staging.core.rackspace.com/ctkapi/login/melissa.biles') {'headers': {}, 'params': {}, 'data': '{"password": "qwerty"}', 'auth': None, 'verify': False}
2013-10-01 03:48:06,394: INFO: requests.packages.urllib3.connectionpool: Starting new HTTPS connection (1): ws.staging.core.rackspace.com
2013-10-01 03:48:08,006: DEBUG: requests.packages.urllib3.connectionpool: "POST /ctkapi/login/melissa.biles HTTP/1.1" 200 None
2013-10-01 03:48:08,079: DEBUG: ccengine.common.connectors.rest: 
------------
REQUEST SENT
------------
request method  : POST
request url     : https://ws.staging.core.rackspace.com/ctkapi/login/melissa.biles
request params  : 
request headers : CaseInsensitiveDict({'Content-Length': u'22', 'Accept-Encoding': 'gzip, deflate, compress', 'Accept': '*/*', 'User-Agent': 'python-requests/1.2.3 CPython/2.7.3 Linux/2.6.18-348.2.1.el5xen'})
request body    : {"password": "qwerty"}

2013-10-01 03:48:08,079: DEBUG: ccengine.common.connectors.rest: 
-----------------
RESPONSE RECIEVED
-----------------
response status  : <Response [200]>
response time    : 1.68527197838
response headers : CaseInsensitiveDict({'date': 'Tue, 01 Oct 2013 03:30:02 GMT', 'transfer-encoding': 'chunked', 'content-type': 'application/json', 'server': 'Apache/2.2.3 (Red Hat)'})
response body    : {"authtoken": "867f52096a532a03274dbc9dfe3ea266"}
-------------------------------------------------------------------------------
2013-10-01 03:48:08,082: DEBUG: root: 
========================================================
test_incorrect_query_parameter_returns_bad_request_400 STARTING at 2013-10-01 03:48:08.082349
========================================================
2013-10-01 03:48:08,082: DEBUG: ccengine.common.connectors.rest: (<ccengine.clients.tq_search.gate_api.SearchApiClient object at 0xaf36110>, 'GET', 'http://staging.search.api.rackspace.com/tickets') {'headers': {}, 'params': {'status': None, 'sort': None, 'queue': None, 'updatedAt': None, 'number': None, 'priority': None, '1': '1', 'limit': 100, 'createdAt_range': None, 'offset': 0, 'category': None, 'createdAt': None, 'subject': None}, 'data': None, 'auth': None, 'verify': False}
2013-10-01 03:48:08,084: INFO: requests.packages.urllib3.connectionpool: Starting new HTTP connection (1): staging.search.api.rackspace.com
2013-10-01 03:48:08,118: DEBUG: requests.packages.urllib3.connectionpool: "GET /tickets?1=1&limit=100&offset=0 HTTP/1.1" 400 None
2013-10-01 03:48:08,119: DEBUG: ccengine.common.connectors.rest: 
------------
REQUEST SENT
------------
request method  : GET
request url     : http://staging.search.api.rackspace.com/tickets
request params  : 1=1&limit=100&offset=0
request headers : CaseInsensitiveDict({'Accept-Encoding': 'gzip, deflate, compress', 'Accept': '*/*', 'User-Agent': 'python-requests/1.2.3 CPython/2.7.3 Linux/2.6.18-348.2.1.el5xen'})
request body    : None

2013-10-01 03:48:08,119: DEBUG: ccengine.common.connectors.rest: 
-----------------
RESPONSE RECIEVED
-----------------
response status  : <Response [400]>
response time    : 0.0366261005402
response headers : CaseInsensitiveDict({'date': 'Tue, 01 Oct 2013 03:32:05 GMT', 'transfer-encoding': 'chunked', 'connection': 'keep-alive', 'content-type': 'application/json', 'server': 'nginx/1.1.19'})
response body    : {"badRequest":{"message":"Bad Request","detail":"Invalid query parameter: 1","code":400}}
-------------------------------------------------------------------------------
2013-10-01 03:48:08,120: ERROR: ccengine.domain.tq_search.response.tq_search.Search: argument of type 'NoneType' is not iterable
Traceback (most recent call last):
  File "/var/lib/jenkins/jobs/CloudCafe(Negative)/workspace/lib/ccengine/domain/base_domain.py", line 93, in deserialize
    ret = getattr(cls, '_%s_to_obj' % format_type)(serialized_str)
  File "/var/lib/jenkins/jobs/CloudCafe(Negative)/workspace/lib/ccengine/domain/tq_search/response/tq_search.py", line 94, in _json_to_obj
    ret.ticket = TicketDetails(response)
  File "/var/lib/jenkins/jobs/CloudCafe(Negative)/workspace/lib/ccengine/domain/tq_search/response/tq_search.py", line 114, in __init__
    if not "source_system" in ticket:
TypeError: argument of type 'NoneType' is not iterable
2013-10-01 03:48:08,120: DEBUG: ccengine.domain.tq_search.response.tq_search.Search: Deserialization Error: Attempted to deserialize type using type: json
2013-10-01 03:48:08,120: DEBUG: ccengine.domain.tq_search.response.tq_search.Search: Deserialization Error: Unble to deserialize the following:
{"badRequest":{"message":"Bad Request","detail":"Invalid query parameter: 1","code":400}}
2013-10-01 03:48:08,121: DEBUG: root: 
========================================================
TEARING DOWN TestListTickets at 2013-10-01 03:48:08.121105
========================================================
2013-10-01 03:48:13,124: DEBUG: root: 
========================================================
test_incorrect_value_of_query_parameter_returns_no_ticket STARTING at 2013-10-01 03:48:13.124029
========================================================
2013-10-01 03:48:13,124: DEBUG: ccengine.common.connectors.rest: (<ccengine.clients.tq_search.gate_api.SearchApiClient object at 0xaf36110>, 'GET', 'http://staging.search.api.rackspace.com/tickets') {'headers': {}, 'params': {'status': 1, 'sort': None, 'queue': None, 'updatedAt': None, 'number': None, 'priority': None, 'limit': 100, 'createdAt_range': None, 'offset': 0, 'category': None, 'createdAt': None, 'subject': None}, 'data': None, 'auth': None, 'verify': False}
2013-10-01 03:48:13,125: INFO: requests.packages.urllib3.connectionpool: Starting new HTTP connection (1): staging.search.api.rackspace.com
2013-10-01 03:48:13,151: DEBUG: requests.packages.urllib3.connectionpool: "GET /tickets?status=1&limit=100&offset=0 HTTP/1.1" 200 None
2013-10-01 03:48:13,152: DEBUG: ccengine.common.connectors.rest: 
------------
REQUEST SENT
------------
request method  : GET
request url     : http://staging.search.api.rackspace.com/tickets
request params  : status=1&limit=100&offset=0
request headers : CaseInsensitiveDict({'Accept-Encoding': 'gzip, deflate, compress', 'Accept': '*/*', 'User-Agent': 'python-requests/1.2.3 CPython/2.7.3 Linux/2.6.18-348.2.1.el5xen'})
request body    : None

2013-10-01 03:48:13,152: DEBUG: ccengine.common.connectors.rest: 
-----------------
RESPONSE RECIEVED
-----------------
response status  : <Response [200]>
response time    : 0.0279910564423
response headers : CaseInsensitiveDict({'date': 'Tue, 01 Oct 2013 03:32:10 GMT', 'transfer-encoding': 'chunked', 'connection': 'keep-alive', 'content-type': 'application/json', 'server': 'nginx/1.1.19'})
response body    : {"response":{"total":0,"limit":100,"offset":0,"tickets":[],"facets":[],"links":[{"rel":"last","href":"http://staging.search.api.rackspace.com/tickets?limit=100&status=1&offset=0"},{"rel":"first","href":"http://staging.search.api.rackspace.com/tickets?limit=100&status=1&offset=0"}]}}
-------------------------------------------------------------------------------
2013-10-01 03:48:13,153: DEBUG: root: 
========================================================
TEARING DOWN TestListTickets at 2013-10-01 03:48:13.153287
========================================================
2013-10-01 03:48:18,150: DEBUG: root: 
========================================================
test_negative_value_of_limit_throws_bad_request_400 STARTING at 2013-10-01 03:48:18.150837
========================================================
2013-10-01 03:48:18,151: DEBUG: ccengine.common.connectors.rest: (<ccengine.clients.tq_search.gate_api.SearchApiClient object at 0xaf36110>, 'GET', 'http://staging.search.api.rackspace.com/tickets') {'headers': {}, 'params': {'status': None, 'sort': None, 'queue': None, 'updatedAt': None, 'number': None, 'priority': None, 'limit': -1, 'createdAt_range': None, 'offset': 0, 'category': None, 'createdAt': None, 'subject': None}, 'data': None, 'auth': None, 'verify': False}
2013-10-01 03:48:18,152: INFO: requests.packages.urllib3.connectionpool: Starting new HTTP connection (1): staging.search.api.rackspace.com
2013-10-01 03:48:18,181: DEBUG: requests.packages.urllib3.connectionpool: "GET /tickets?limit=-1&offset=0 HTTP/1.1" 400 None
2013-10-01 03:48:18,181: DEBUG: ccengine.common.connectors.rest: 
------------
REQUEST SENT
------------
request method  : GET
request url     : http://staging.search.api.rackspace.com/tickets
request params  : limit=-1&offset=0
request headers : CaseInsensitiveDict({'Accept-Encoding': 'gzip, deflate, compress', 'Accept': '*/*', 'User-Agent': 'python-requests/1.2.3 CPython/2.7.3 Linux/2.6.18-348.2.1.el5xen'})
request body    : None

2013-10-01 03:48:18,182: DEBUG: ccengine.common.connectors.rest: 
-----------------
RESPONSE RECIEVED
-----------------
response status  : <Response [400]>
response time    : 0.0303890705109
response headers : CaseInsensitiveDict({'date': 'Tue, 01 Oct 2013 03:32:15 GMT', 'transfer-encoding': 'chunked', 'connection': 'keep-alive', 'content-type': 'application/json', 'server': 'nginx/1.1.19'})
response body    : {"badRequest":{"message":"Bad Request","detail":"Not a valid Request","code":400}}
-------------------------------------------------------------------------------
2013-10-01 03:48:18,182: ERROR: ccengine.domain.tq_search.response.tq_search.Search: argument of type 'NoneType' is not iterable
Traceback (most recent call last):
  File "/var/lib/jenkins/jobs/CloudCafe(Negative)/workspace/lib/ccengine/domain/base_domain.py", line 93, in deserialize
    ret = getattr(cls, '_%s_to_obj' % format_type)(serialized_str)
  File "/var/lib/jenkins/jobs/CloudCafe(Negative)/workspace/lib/ccengine/domain/tq_search/response/tq_search.py", line 94, in _json_to_obj
    ret.ticket = TicketDetails(response)
  File "/var/lib/jenkins/jobs/CloudCafe(Negative)/workspace/lib/ccengine/domain/tq_search/response/tq_search.py", line 114, in __init__
    if not "source_system" in ticket:
TypeError: argument of type 'NoneType' is not iterable
2013-10-01 03:48:18,182: DEBUG: ccengine.domain.tq_search.response.tq_search.Search: Deserialization Error: Attempted to deserialize type using type: json
2013-10-01 03:48:18,182: DEBUG: ccengine.domain.tq_search.response.tq_search.Search: Deserialization Error: Unble to deserialize the following:
{"badRequest":{"message":"Bad Request","detail":"Not a valid Request","code":400}}
2013-10-01 03:48:18,183: DEBUG: root: 
========================================================
TEARING DOWN TestListTickets at 2013-10-01 03:48:18.183072
========================================================
2013-10-01 03:48:23,187: DEBUG: root: 
========================================================
test_no_value_of_limit_returns_zero_tickets STARTING at 2013-10-01 03:48:23.187016
========================================================
2013-10-01 03:48:23,187: DEBUG: ccengine.common.connectors.rest: (<ccengine.clients.tq_search.gate_api.SearchApiClient object at 0xaf36110>, 'GET', 'http://staging.search.api.rackspace.com/tickets') {'headers': {}, 'params': {'status': None, 'sort': None, 'queue': None, 'updatedAt': None, 'number': None, 'priority': None, 'limit': 0, 'createdAt_range': None, 'offset': 0, 'category': None, 'createdAt': None, 'subject': None}, 'data': None, 'auth': None, 'verify': False}
2013-10-01 03:48:23,188: INFO: requests.packages.urllib3.connectionpool: Starting new HTTP connection (1): staging.search.api.rackspace.com
2013-10-01 03:48:23,208: DEBUG: requests.packages.urllib3.connectionpool: "GET /tickets?limit=0&offset=0 HTTP/1.1" 200 None
2013-10-01 03:48:23,209: DEBUG: ccengine.common.connectors.rest: 
------------
REQUEST SENT
------------
request method  : GET
request url     : http://staging.search.api.rackspace.com/tickets
request params  : limit=0&offset=0
request headers : CaseInsensitiveDict({'Accept-Encoding': 'gzip, deflate, compress', 'Accept': '*/*', 'User-Agent': 'python-requests/1.2.3 CPython/2.7.3 Linux/2.6.18-348.2.1.el5xen'})
request body    : None

2013-10-01 03:48:23,209: DEBUG: ccengine.common.connectors.rest: 
-----------------
RESPONSE RECIEVED
-----------------
response status  : <Response [200]>
response time    : 0.0213599205017
response headers : CaseInsensitiveDict({'date': 'Tue, 01 Oct 2013 03:32:20 GMT', 'transfer-encoding': 'chunked', 'connection': 'keep-alive', 'content-type': 'application/json', 'server': 'nginx/1.1.19'})
response body    : {"response":{"total":50478,"limit":0,"offset":0,"tickets":[],"facets":[],"links":[{"rel":"last","href":"http://staging.search.api.rackspace.com/tickets?limit=0&offset=0"},{"rel":"next","href":"http://staging.search.api.rackspace.com/tickets?limit=0&offset=0"},{"rel":"first","href":"http://staging.search.api.rackspace.com/tickets?limit=0&offset=0"}]}}
-------------------------------------------------------------------------------
2013-10-01 03:48:23,209: DEBUG: root: 
========================================================
TEARING DOWN TestListTickets at 2013-10-01 03:48:23.209672
========================================================
2013-10-01 03:48:28,213: DEBUG: root: 
========================================================
TEARING DOWN TestListTickets at 2013-10-01 03:48:28.213181
========================================================
2013-10-01 03:48:28,214: INFO: RunnerLog: Ran 5 Tests
2013-10-01 03:48:28,214: INFO: RunnerLog: Passing all tests
2013-10-01 03:48:28,214: INFO: RunnerLog: 

