2013-07-17 11:39:00,896: DEBUG: root: 
========================================================
SETTING UP testrepo.tq_search.search_existing_ticket.test_pagination.TestPagination at 2013-07-17 11:39:00.896920
========================================================
2013-07-17 11:39:00,900: ERROR: ccengine.domain.configuration.AuthConfig: No option 'api_key' in section: 'auth'
2013-07-17 11:39:00,900: DEBUG: ccengine.common.connectors.rest: (<ccengine.clients.auth.auth_client.AuthClient object at 0x16ad0410>, 'POST', 'https://ws.staging.core.rackspace.com/ctkapi/login/melissa.biles') {'headers': {}, 'params': {}, 'data': '{"password": "qwerty"}', 'auth': None, 'verify': False}
2013-07-17 11:39:00,911: INFO: requests.packages.urllib3.connectionpool: Starting new HTTPS connection (1): ws.staging.core.rackspace.com
2013-07-17 11:39:01,156: DEBUG: requests.packages.urllib3.connectionpool: "POST /ctkapi/login/melissa.biles HTTP/1.1" 200 None
2013-07-17 11:39:01,222: DEBUG: ccengine.common.connectors.rest: 
------------
REQUEST SENT
------------
request method  : POST
request url     : https://ws.staging.core.rackspace.com/ctkapi/login/melissa.biles
request params  : 
request headers : CaseInsensitiveDict({'Content-Length': u'22', 'Accept-Encoding': 'gzip, deflate, compress', 'Accept': '*/*', 'User-Agent': 'python-requests/1.2.3 CPython/2.7.3 Linux/2.6.18-348.2.1.el5xen'})
request body    : {"password": "qwerty"}

2013-07-17 11:39:01,223: DEBUG: ccengine.common.connectors.rest: 
-----------------
RESPONSE RECIEVED
-----------------
response status  : <Response [200]>
response time    : 0.321944952011
response headers : CaseInsensitiveDict({'date': 'Wed, 17 Jul 2013 11:28:49 GMT', 'transfer-encoding': 'chunked', 'content-type': 'application/json', 'server': 'Apache/2.2.3 (Red Hat)'})
response body    : {"authtoken": "5e4a8e2b55d3b2ec2284728e6e03cfe6"}
-------------------------------------------------------------------------------
2013-07-17 11:39:01,226: DEBUG: root: 
========================================================
test_incorrect_sorting_specified_raises_bad_request STARTING at 2013-07-17 11:39:01.226376
========================================================
2013-07-17 11:39:01,226: DEBUG: ccengine.common.connectors.rest: (<ccengine.clients.tq_search.gate_api.SearchApiClient object at 0x16acd590>, 'GET', 'http://staging.search.api.rackspace.com/tickets') {'headers': {}, 'params': {'status': None, 'sort': 'number|xyz', 'queue': None, 'updatedAt': None, 'number': None, 'priority': None, 'limit': 100, 'createdAt_range': '[2013-03-12T08:00:26.000Z,2013-03-12T11:02:26.000Z]', 'offset': 0, 'category': None, 'createdAt': None, 'subject': None}, 'data': None, 'auth': None, 'verify': False}
2013-07-17 11:39:01,228: INFO: requests.packages.urllib3.connectionpool: Starting new HTTP connection (1): staging.search.api.rackspace.com
2013-07-17 11:39:01,278: DEBUG: requests.packages.urllib3.connectionpool: "GET /tickets?sort=number%7Cxyz&limit=100&createdAt_range=%5B2013-03-12T08%3A00%3A26.000Z%2C2013-03-12T11%3A02%3A26.000Z%5D&offset=0 HTTP/1.1" 400 None
2013-07-17 11:39:01,279: DEBUG: ccengine.common.connectors.rest: 
------------
REQUEST SENT
------------
request method  : GET
request url     : http://staging.search.api.rackspace.com/tickets
request params  : sort=number%7Cxyz&limit=100&createdAt_range=%5B2013-03-12T08%3A00%3A26.000Z%2C2013-03-12T11%3A02%3A26.000Z%5D&offset=0
request headers : CaseInsensitiveDict({'Accept-Encoding': 'gzip, deflate, compress', 'Accept': '*/*', 'User-Agent': 'python-requests/1.2.3 CPython/2.7.3 Linux/2.6.18-348.2.1.el5xen'})
request body    : None

2013-07-17 11:39:01,279: DEBUG: ccengine.common.connectors.rest: 
-----------------
RESPONSE RECIEVED
-----------------
response status  : <Response [400]>
response time    : 0.0525059700012
response headers : CaseInsensitiveDict({'date': 'Wed, 17 Jul 2013 11:29:51 GMT', 'transfer-encoding': 'chunked', 'connection': 'keep-alive', 'content-type': 'application/json', 'server': 'nginx/1.1.19'})
response body    : {"badRequest":{"message":"Bad Request","detail":"No enum constant org.elasticsearch.search.sort.SortOrder.XYZ","code":400}}
-------------------------------------------------------------------------------
2013-07-17 11:39:01,280: ERROR: ccengine.domain.tq_search.response.tq_search.Search: argument of type 'NoneType' is not iterable
Traceback (most recent call last):
  File "/var/lib/jenkins/jobs/CloudCafe(Negative)/workspace/lib/ccengine/domain/base_domain.py", line 93, in deserialize
    ret = getattr(cls, '_%s_to_obj' % format_type)(serialized_str)
  File "/var/lib/jenkins/jobs/CloudCafe(Negative)/workspace/lib/ccengine/domain/tq_search/response/tq_search.py", line 94, in _json_to_obj
    ret.ticket = TicketDetails(response)
  File "/var/lib/jenkins/jobs/CloudCafe(Negative)/workspace/lib/ccengine/domain/tq_search/response/tq_search.py", line 114, in __init__
    if not "source_system" in ticket:
TypeError: argument of type 'NoneType' is not iterable
2013-07-17 11:39:01,280: DEBUG: ccengine.domain.tq_search.response.tq_search.Search: Deserialization Error: Attempted to deserialize type using type: json
2013-07-17 11:39:01,281: DEBUG: ccengine.domain.tq_search.response.tq_search.Search: Deserialization Error: Unble to deserialize the following:
{"badRequest":{"message":"Bad Request","detail":"No enum constant org.elasticsearch.search.sort.SortOrder.XYZ","code":400}}
2013-07-17 11:39:01,281: DEBUG: root: 
========================================================
TEARING DOWN TestPagination at 2013-07-17 11:39:01.281490
========================================================
2013-07-17 11:39:06,274: DEBUG: root: 
========================================================
TEARING DOWN TestPagination at 2013-07-17 11:39:06.274632
========================================================
2013-07-17 11:39:06,277: DEBUG: root: 
========================================================
SETTING UP testrepo.tq_search.search_existing_ticket.test_list_tickets.TestListTickets at 2013-07-17 11:39:06.277028
========================================================
2013-07-17 11:39:06,279: ERROR: ccengine.domain.configuration.AuthConfig: No option 'api_key' in section: 'auth'
2013-07-17 11:39:06,280: DEBUG: ccengine.common.connectors.rest: (<ccengine.clients.auth.auth_client.AuthClient object at 0x16b27bd0>, 'POST', 'https://ws.staging.core.rackspace.com/ctkapi/login/melissa.biles') {'headers': {}, 'params': {}, 'data': '{"password": "qwerty"}', 'auth': None, 'verify': False}
2013-07-17 11:39:06,281: INFO: requests.packages.urllib3.connectionpool: Starting new HTTPS connection (1): ws.staging.core.rackspace.com
2013-07-17 11:39:06,530: DEBUG: requests.packages.urllib3.connectionpool: "POST /ctkapi/login/melissa.biles HTTP/1.1" 200 None
2013-07-17 11:39:06,594: DEBUG: ccengine.common.connectors.rest: 
------------
REQUEST SENT
------------
request method  : POST
request url     : https://ws.staging.core.rackspace.com/ctkapi/login/melissa.biles
request params  : 
request headers : CaseInsensitiveDict({'Content-Length': u'22', 'Accept-Encoding': 'gzip, deflate, compress', 'Accept': '*/*', 'User-Agent': 'python-requests/1.2.3 CPython/2.7.3 Linux/2.6.18-348.2.1.el5xen'})
request body    : {"password": "qwerty"}

2013-07-17 11:39:06,595: DEBUG: ccengine.common.connectors.rest: 
-----------------
RESPONSE RECIEVED
-----------------
response status  : <Response [200]>
response time    : 0.314498901367
response headers : CaseInsensitiveDict({'date': 'Wed, 17 Jul 2013 11:28:54 GMT', 'transfer-encoding': 'chunked', 'content-type': 'application/json', 'server': 'Apache/2.2.3 (Red Hat)'})
response body    : {"authtoken": "7b32b78d68d68ffad587b73276ec1cda"}
-------------------------------------------------------------------------------
2013-07-17 11:39:06,598: DEBUG: root: 
========================================================
test_incorrect_query_parameter_returns_bad_request_400 STARTING at 2013-07-17 11:39:06.598103
========================================================
2013-07-17 11:39:06,598: DEBUG: ccengine.common.connectors.rest: (<ccengine.clients.tq_search.gate_api.SearchApiClient object at 0x16b1bf50>, 'GET', 'http://staging.search.api.rackspace.com/tickets') {'headers': {}, 'params': {'status': None, 'sort': None, 'queue': None, 'updatedAt': None, 'number': None, 'priority': None, '1': '1', 'limit': 100, 'createdAt_range': None, 'offset': 0, 'category': None, 'createdAt': None, 'subject': None}, 'data': None, 'auth': None, 'verify': False}
2013-07-17 11:39:06,599: INFO: requests.packages.urllib3.connectionpool: Starting new HTTP connection (1): staging.search.api.rackspace.com
2013-07-17 11:39:06,620: DEBUG: requests.packages.urllib3.connectionpool: "GET /tickets?1=1&limit=100&offset=0 HTTP/1.1" 400 None
2013-07-17 11:39:06,621: DEBUG: ccengine.common.connectors.rest: 
------------
REQUEST SENT
------------
request method  : GET
request url     : http://staging.search.api.rackspace.com/tickets
request params  : 1=1&limit=100&offset=0
request headers : CaseInsensitiveDict({'Accept-Encoding': 'gzip, deflate, compress', 'Accept': '*/*', 'User-Agent': 'python-requests/1.2.3 CPython/2.7.3 Linux/2.6.18-348.2.1.el5xen'})
request body    : None

2013-07-17 11:39:06,621: DEBUG: ccengine.common.connectors.rest: 
-----------------
RESPONSE RECIEVED
-----------------
response status  : <Response [400]>
response time    : 0.0223639011383
response headers : CaseInsensitiveDict({'date': 'Wed, 17 Jul 2013 11:29:56 GMT', 'transfer-encoding': 'chunked', 'connection': 'keep-alive', 'content-type': 'application/json', 'server': 'nginx/1.1.19'})
response body    : {"badRequest":{"message":"Bad Request","detail":"Invalid query parameter: 1","code":400}}
-------------------------------------------------------------------------------
2013-07-17 11:39:06,621: ERROR: ccengine.domain.tq_search.response.tq_search.Search: argument of type 'NoneType' is not iterable
Traceback (most recent call last):
  File "/var/lib/jenkins/jobs/CloudCafe(Negative)/workspace/lib/ccengine/domain/base_domain.py", line 93, in deserialize
    ret = getattr(cls, '_%s_to_obj' % format_type)(serialized_str)
  File "/var/lib/jenkins/jobs/CloudCafe(Negative)/workspace/lib/ccengine/domain/tq_search/response/tq_search.py", line 94, in _json_to_obj
    ret.ticket = TicketDetails(response)
  File "/var/lib/jenkins/jobs/CloudCafe(Negative)/workspace/lib/ccengine/domain/tq_search/response/tq_search.py", line 114, in __init__
    if not "source_system" in ticket:
TypeError: argument of type 'NoneType' is not iterable
2013-07-17 11:39:06,621: DEBUG: ccengine.domain.tq_search.response.tq_search.Search: Deserialization Error: Attempted to deserialize type using type: json
2013-07-17 11:39:06,622: DEBUG: ccengine.domain.tq_search.response.tq_search.Search: Deserialization Error: Unble to deserialize the following:
{"badRequest":{"message":"Bad Request","detail":"Invalid query parameter: 1","code":400}}
2013-07-17 11:39:06,622: DEBUG: root: 
========================================================
TEARING DOWN TestListTickets at 2013-07-17 11:39:06.622522
========================================================
2013-07-17 11:39:11,619: DEBUG: root: 
========================================================
test_incorrect_value_of_query_parameter_returns_no_ticket STARTING at 2013-07-17 11:39:11.619022
========================================================
2013-07-17 11:39:11,619: DEBUG: ccengine.common.connectors.rest: (<ccengine.clients.tq_search.gate_api.SearchApiClient object at 0x16b1bf50>, 'GET', 'http://staging.search.api.rackspace.com/tickets') {'headers': {}, 'params': {'status': 1, 'sort': None, 'queue': None, 'updatedAt': None, 'number': None, 'priority': None, 'limit': 100, 'createdAt_range': None, 'offset': 0, 'category': None, 'createdAt': None, 'subject': None}, 'data': None, 'auth': None, 'verify': False}
2013-07-17 11:39:11,620: INFO: requests.packages.urllib3.connectionpool: Starting new HTTP connection (1): staging.search.api.rackspace.com
2013-07-17 11:39:11,645: DEBUG: requests.packages.urllib3.connectionpool: "GET /tickets?status=1&limit=100&offset=0 HTTP/1.1" 200 None
2013-07-17 11:39:11,646: DEBUG: ccengine.common.connectors.rest: 
------------
REQUEST SENT
------------
request method  : GET
request url     : http://staging.search.api.rackspace.com/tickets
request params  : status=1&limit=100&offset=0
request headers : CaseInsensitiveDict({'Accept-Encoding': 'gzip, deflate, compress', 'Accept': '*/*', 'User-Agent': 'python-requests/1.2.3 CPython/2.7.3 Linux/2.6.18-348.2.1.el5xen'})
request body    : None

2013-07-17 11:39:11,646: DEBUG: ccengine.common.connectors.rest: 
-----------------
RESPONSE RECIEVED
-----------------
response status  : <Response [200]>
response time    : 0.0263540744781
response headers : CaseInsensitiveDict({'date': 'Wed, 17 Jul 2013 11:30:01 GMT', 'transfer-encoding': 'chunked', 'connection': 'keep-alive', 'content-type': 'application/json', 'server': 'nginx/1.1.19'})
response body    : {"response":{"total":0,"limit":100,"offset":0,"tickets":[],"facets":[],"links":[{"rel":"last","href":"http://staging.search.api.rackspace.com/tickets?limit=100&status=1&offset=0"},{"rel":"first","href":"http://staging.search.api.rackspace.com/tickets?limit=100&status=1&offset=0"}]}}
-------------------------------------------------------------------------------
2013-07-17 11:39:11,646: DEBUG: root: 
========================================================
TEARING DOWN TestListTickets at 2013-07-17 11:39:11.646562
========================================================
2013-07-17 11:39:16,643: DEBUG: root: 
========================================================
test_negative_value_of_limit_throws_bad_request_400 STARTING at 2013-07-17 11:39:16.643333
========================================================
2013-07-17 11:39:16,643: DEBUG: ccengine.common.connectors.rest: (<ccengine.clients.tq_search.gate_api.SearchApiClient object at 0x16b1bf50>, 'GET', 'http://staging.search.api.rackspace.com/tickets') {'headers': {}, 'params': {'status': None, 'sort': None, 'queue': None, 'updatedAt': None, 'number': None, 'priority': None, 'limit': -1, 'createdAt_range': None, 'offset': 0, 'category': None, 'createdAt': None, 'subject': None}, 'data': None, 'auth': None, 'verify': False}
2013-07-17 11:39:16,645: INFO: requests.packages.urllib3.connectionpool: Starting new HTTP connection (1): staging.search.api.rackspace.com
2013-07-17 11:39:16,660: DEBUG: requests.packages.urllib3.connectionpool: "GET /tickets?limit=-1&offset=0 HTTP/1.1" 400 None
2013-07-17 11:39:16,661: DEBUG: ccengine.common.connectors.rest: 
------------
REQUEST SENT
------------
request method  : GET
request url     : http://staging.search.api.rackspace.com/tickets
request params  : limit=-1&offset=0
request headers : CaseInsensitiveDict({'Accept-Encoding': 'gzip, deflate, compress', 'Accept': '*/*', 'User-Agent': 'python-requests/1.2.3 CPython/2.7.3 Linux/2.6.18-348.2.1.el5xen'})
request body    : None

2013-07-17 11:39:16,661: DEBUG: ccengine.common.connectors.rest: 
-----------------
RESPONSE RECIEVED
-----------------
response status  : <Response [400]>
response time    : 0.0171971321106
response headers : CaseInsensitiveDict({'date': 'Wed, 17 Jul 2013 11:30:06 GMT', 'transfer-encoding': 'chunked', 'connection': 'keep-alive', 'content-type': 'application/json', 'server': 'nginx/1.1.19'})
response body    : {"badRequest":{"message":"Bad Request","detail":"Not a valid Request","code":400}}
-------------------------------------------------------------------------------
2013-07-17 11:39:16,661: ERROR: ccengine.domain.tq_search.response.tq_search.Search: argument of type 'NoneType' is not iterable
Traceback (most recent call last):
  File "/var/lib/jenkins/jobs/CloudCafe(Negative)/workspace/lib/ccengine/domain/base_domain.py", line 93, in deserialize
    ret = getattr(cls, '_%s_to_obj' % format_type)(serialized_str)
  File "/var/lib/jenkins/jobs/CloudCafe(Negative)/workspace/lib/ccengine/domain/tq_search/response/tq_search.py", line 94, in _json_to_obj
    ret.ticket = TicketDetails(response)
  File "/var/lib/jenkins/jobs/CloudCafe(Negative)/workspace/lib/ccengine/domain/tq_search/response/tq_search.py", line 114, in __init__
    if not "source_system" in ticket:
TypeError: argument of type 'NoneType' is not iterable
2013-07-17 11:39:16,661: DEBUG: ccengine.domain.tq_search.response.tq_search.Search: Deserialization Error: Attempted to deserialize type using type: json
2013-07-17 11:39:16,662: DEBUG: ccengine.domain.tq_search.response.tq_search.Search: Deserialization Error: Unble to deserialize the following:
{"badRequest":{"message":"Bad Request","detail":"Not a valid Request","code":400}}
2013-07-17 11:39:16,662: DEBUG: root: 
========================================================
TEARING DOWN TestListTickets at 2013-07-17 11:39:16.662296
========================================================
2013-07-17 11:39:21,659: DEBUG: root: 
========================================================
test_no_value_of_limit_returns_zero_tickets STARTING at 2013-07-17 11:39:21.659661
========================================================
2013-07-17 11:39:21,660: DEBUG: ccengine.common.connectors.rest: (<ccengine.clients.tq_search.gate_api.SearchApiClient object at 0x16b1bf50>, 'GET', 'http://staging.search.api.rackspace.com/tickets') {'headers': {}, 'params': {'status': None, 'sort': None, 'queue': None, 'updatedAt': None, 'number': None, 'priority': None, 'limit': 0, 'createdAt_range': None, 'offset': 0, 'category': None, 'createdAt': None, 'subject': None}, 'data': None, 'auth': None, 'verify': False}
2013-07-17 11:39:21,661: INFO: requests.packages.urllib3.connectionpool: Starting new HTTP connection (1): staging.search.api.rackspace.com
2013-07-17 11:39:21,683: DEBUG: requests.packages.urllib3.connectionpool: "GET /tickets?limit=0&offset=0 HTTP/1.1" 200 None
2013-07-17 11:39:21,684: DEBUG: ccengine.common.connectors.rest: 
------------
REQUEST SENT
------------
request method  : GET
request url     : http://staging.search.api.rackspace.com/tickets
request params  : limit=0&offset=0
request headers : CaseInsensitiveDict({'Accept-Encoding': 'gzip, deflate, compress', 'Accept': '*/*', 'User-Agent': 'python-requests/1.2.3 CPython/2.7.3 Linux/2.6.18-348.2.1.el5xen'})
request body    : None

2013-07-17 11:39:21,684: DEBUG: ccengine.common.connectors.rest: 
-----------------
RESPONSE RECIEVED
-----------------
response status  : <Response [200]>
response time    : 0.0241589546204
response headers : CaseInsensitiveDict({'date': 'Wed, 17 Jul 2013 11:30:11 GMT', 'transfer-encoding': 'chunked', 'connection': 'keep-alive', 'content-type': 'application/json', 'server': 'nginx/1.1.19'})
response body    : {"response":{"total":48663,"limit":0,"offset":0,"tickets":[],"facets":[],"links":[{"rel":"last","href":"http://staging.search.api.rackspace.com/tickets?limit=0&offset=0"},{"rel":"next","href":"http://staging.search.api.rackspace.com/tickets?limit=0&offset=0"},{"rel":"first","href":"http://staging.search.api.rackspace.com/tickets?limit=0&offset=0"}]}}
-------------------------------------------------------------------------------
2013-07-17 11:39:21,685: DEBUG: root: 
========================================================
TEARING DOWN TestListTickets at 2013-07-17 11:39:21.685140
========================================================
2013-07-17 11:39:26,679: DEBUG: root: 
========================================================
TEARING DOWN TestListTickets at 2013-07-17 11:39:26.679882
========================================================
2013-07-17 11:39:26,681: INFO: RunnerLog: Ran 5 Tests
2013-07-17 11:39:26,681: INFO: RunnerLog: Passing all tests
2013-07-17 11:39:26,681: INFO: RunnerLog: 

