2013-09-02 11:01:27,005: DEBUG: root: 
========================================================
SETTING UP testrepo.tq_search.search_existing_ticket.test_pagination.TestPagination at 2013-09-02 11:01:27.005588
========================================================
2013-09-02 11:01:27,008: ERROR: ccengine.domain.configuration.AuthConfig: No option 'api_key' in section: 'auth'
2013-09-02 11:01:27,009: DEBUG: ccengine.common.connectors.rest: (<ccengine.clients.auth.auth_client.AuthClient object at 0xe37a590>, 'POST', 'https://ws.staging.core.rackspace.com/ctkapi/login/melissa.biles') {'headers': {}, 'params': {}, 'data': '{"password": "qwerty"}', 'auth': None, 'verify': False}
2013-09-02 11:01:27,020: INFO: requests.packages.urllib3.connectionpool: Starting new HTTPS connection (1): ws.staging.core.rackspace.com
2013-09-02 11:01:27,553: DEBUG: requests.packages.urllib3.connectionpool: "POST /ctkapi/login/melissa.biles HTTP/1.1" 200 None
2013-09-02 11:01:27,621: DEBUG: ccengine.common.connectors.rest: 
------------
REQUEST SENT
------------
request method  : POST
request url     : https://ws.staging.core.rackspace.com/ctkapi/login/melissa.biles
request params  : 
request headers : CaseInsensitiveDict({'Content-Length': u'22', 'Accept-Encoding': 'gzip, deflate, compress', 'Accept': '*/*', 'User-Agent': 'python-requests/1.2.3 CPython/2.7.3 Linux/2.6.18-348.2.1.el5xen'})
request body    : {"password": "qwerty"}

2013-09-02 11:01:27,621: DEBUG: ccengine.common.connectors.rest: 
-----------------
RESPONSE RECIEVED
-----------------
response status  : <Response [200]>
response time    : 0.611829042435
response headers : CaseInsensitiveDict({'date': 'Mon, 02 Sep 2013 10:46:21 GMT', 'transfer-encoding': 'chunked', 'content-type': 'application/json', 'server': 'Apache/2.2.3 (Red Hat)'})
response body    : {"authtoken": "53410fdf7374403eac6040f7211a6a16"}
-------------------------------------------------------------------------------
2013-09-02 11:01:27,625: DEBUG: root: 
========================================================
test_incorrect_sorting_specified_raises_bad_request STARTING at 2013-09-02 11:01:27.625345
========================================================
2013-09-02 11:01:27,625: DEBUG: ccengine.common.connectors.rest: (<ccengine.clients.tq_search.gate_api.SearchApiClient object at 0xe376710>, 'GET', 'http://staging.search.api.rackspace.com/tickets') {'headers': {}, 'params': {'status': None, 'sort': 'number|xyz', 'queue': None, 'updatedAt': None, 'number': None, 'priority': None, 'limit': 100, 'createdAt_range': '[2013-03-12T08:00:26.000Z,2013-03-12T11:02:26.000Z]', 'offset': 0, 'category': None, 'createdAt': None, 'subject': None}, 'data': None, 'auth': None, 'verify': False}
2013-09-02 11:01:27,627: INFO: requests.packages.urllib3.connectionpool: Starting new HTTP connection (1): staging.search.api.rackspace.com
2013-09-02 11:01:27,652: DEBUG: requests.packages.urllib3.connectionpool: "GET /tickets?sort=number%7Cxyz&limit=100&createdAt_range=%5B2013-03-12T08%3A00%3A26.000Z%2C2013-03-12T11%3A02%3A26.000Z%5D&offset=0 HTTP/1.1" 400 None
2013-09-02 11:01:27,652: DEBUG: ccengine.common.connectors.rest: 
------------
REQUEST SENT
------------
request method  : GET
request url     : http://staging.search.api.rackspace.com/tickets
request params  : sort=number%7Cxyz&limit=100&createdAt_range=%5B2013-03-12T08%3A00%3A26.000Z%2C2013-03-12T11%3A02%3A26.000Z%5D&offset=0
request headers : CaseInsensitiveDict({'Accept-Encoding': 'gzip, deflate, compress', 'Accept': '*/*', 'User-Agent': 'python-requests/1.2.3 CPython/2.7.3 Linux/2.6.18-348.2.1.el5xen'})
request body    : None

2013-09-02 11:01:27,652: DEBUG: ccengine.common.connectors.rest: 
-----------------
RESPONSE RECIEVED
-----------------
response status  : <Response [400]>
response time    : 0.0267539024353
response headers : CaseInsensitiveDict({'date': 'Mon, 02 Sep 2013 10:48:01 GMT', 'transfer-encoding': 'chunked', 'connection': 'keep-alive', 'content-type': 'application/json', 'server': 'nginx/1.1.19'})
response body    : {"badRequest":{"message":"Bad Request","detail":"No enum constant org.elasticsearch.search.sort.SortOrder.XYZ","code":400}}
-------------------------------------------------------------------------------
2013-09-02 11:01:27,653: ERROR: ccengine.domain.tq_search.response.tq_search.Search: argument of type 'NoneType' is not iterable
Traceback (most recent call last):
  File "/var/lib/jenkins/jobs/CloudCafe(Negative)/workspace/lib/ccengine/domain/base_domain.py", line 93, in deserialize
    ret = getattr(cls, '_%s_to_obj' % format_type)(serialized_str)
  File "/var/lib/jenkins/jobs/CloudCafe(Negative)/workspace/lib/ccengine/domain/tq_search/response/tq_search.py", line 94, in _json_to_obj
    ret.ticket = TicketDetails(response)
  File "/var/lib/jenkins/jobs/CloudCafe(Negative)/workspace/lib/ccengine/domain/tq_search/response/tq_search.py", line 114, in __init__
    if not "source_system" in ticket:
TypeError: argument of type 'NoneType' is not iterable
2013-09-02 11:01:27,654: DEBUG: ccengine.domain.tq_search.response.tq_search.Search: Deserialization Error: Attempted to deserialize type using type: json
2013-09-02 11:01:27,654: DEBUG: ccengine.domain.tq_search.response.tq_search.Search: Deserialization Error: Unble to deserialize the following:
{"badRequest":{"message":"Bad Request","detail":"No enum constant org.elasticsearch.search.sort.SortOrder.XYZ","code":400}}
2013-09-02 11:01:27,654: DEBUG: root: 
========================================================
TEARING DOWN TestPagination at 2013-09-02 11:01:27.654820
========================================================
2013-09-02 11:01:32,650: DEBUG: root: 
========================================================
TEARING DOWN TestPagination at 2013-09-02 11:01:32.649961
========================================================
2013-09-02 11:01:32,652: DEBUG: root: 
========================================================
SETTING UP testrepo.tq_search.search_existing_ticket.test_list_tickets.TestListTickets at 2013-09-02 11:01:32.652358
========================================================
2013-09-02 11:01:32,654: ERROR: ccengine.domain.configuration.AuthConfig: No option 'api_key' in section: 'auth'
2013-09-02 11:01:32,655: DEBUG: ccengine.common.connectors.rest: (<ccengine.clients.auth.auth_client.AuthClient object at 0xe411d50>, 'POST', 'https://ws.staging.core.rackspace.com/ctkapi/login/melissa.biles') {'headers': {}, 'params': {}, 'data': '{"password": "qwerty"}', 'auth': None, 'verify': False}
2013-09-02 11:01:32,656: INFO: requests.packages.urllib3.connectionpool: Starting new HTTPS connection (1): ws.staging.core.rackspace.com
2013-09-02 11:01:35,748: DEBUG: requests.packages.urllib3.connectionpool: "POST /ctkapi/login/melissa.biles HTTP/1.1" 200 None
2013-09-02 11:01:35,810: DEBUG: ccengine.common.connectors.rest: 
------------
REQUEST SENT
------------
request method  : POST
request url     : https://ws.staging.core.rackspace.com/ctkapi/login/melissa.biles
request params  : 
request headers : CaseInsensitiveDict({'Content-Length': u'22', 'Accept-Encoding': 'gzip, deflate, compress', 'Accept': '*/*', 'User-Agent': 'python-requests/1.2.3 CPython/2.7.3 Linux/2.6.18-348.2.1.el5xen'})
request body    : {"password": "qwerty"}

2013-09-02 11:01:35,810: DEBUG: ccengine.common.connectors.rest: 
-----------------
RESPONSE RECIEVED
-----------------
response status  : <Response [200]>
response time    : 3.15436196327
response headers : CaseInsensitiveDict({'date': 'Mon, 02 Sep 2013 10:46:27 GMT', 'transfer-encoding': 'chunked', 'content-type': 'application/json', 'server': 'Apache/2.2.3 (Red Hat)'})
response body    : {"authtoken": "bd0b740de4e549587dc928095ec5e52c"}
-------------------------------------------------------------------------------
2013-09-02 11:01:35,813: DEBUG: root: 
========================================================
test_incorrect_query_parameter_returns_bad_request_400 STARTING at 2013-09-02 11:01:35.813342
========================================================
2013-09-02 11:01:35,813: DEBUG: ccengine.common.connectors.rest: (<ccengine.clients.tq_search.gate_api.SearchApiClient object at 0xe411110>, 'GET', 'http://staging.search.api.rackspace.com/tickets') {'headers': {}, 'params': {'status': None, 'sort': None, 'queue': None, 'updatedAt': None, 'number': None, 'priority': None, '1': '1', 'limit': 100, 'createdAt_range': None, 'offset': 0, 'category': None, 'createdAt': None, 'subject': None}, 'data': None, 'auth': None, 'verify': False}
2013-09-02 11:01:35,815: INFO: requests.packages.urllib3.connectionpool: Starting new HTTP connection (1): staging.search.api.rackspace.com
2013-09-02 11:01:35,841: DEBUG: requests.packages.urllib3.connectionpool: "GET /tickets?1=1&limit=100&offset=0 HTTP/1.1" 400 None
2013-09-02 11:01:35,842: DEBUG: ccengine.common.connectors.rest: 
------------
REQUEST SENT
------------
request method  : GET
request url     : http://staging.search.api.rackspace.com/tickets
request params  : 1=1&limit=100&offset=0
request headers : CaseInsensitiveDict({'Accept-Encoding': 'gzip, deflate, compress', 'Accept': '*/*', 'User-Agent': 'python-requests/1.2.3 CPython/2.7.3 Linux/2.6.18-348.2.1.el5xen'})
request body    : None

2013-09-02 11:01:35,842: DEBUG: ccengine.common.connectors.rest: 
-----------------
RESPONSE RECIEVED
-----------------
response status  : <Response [400]>
response time    : 0.028596162796
response headers : CaseInsensitiveDict({'date': 'Mon, 02 Sep 2013 10:48:09 GMT', 'transfer-encoding': 'chunked', 'connection': 'keep-alive', 'content-type': 'application/json', 'server': 'nginx/1.1.19'})
response body    : {"badRequest":{"message":"Bad Request","detail":"Invalid query parameter: 1","code":400}}
-------------------------------------------------------------------------------
2013-09-02 11:01:35,843: ERROR: ccengine.domain.tq_search.response.tq_search.Search: argument of type 'NoneType' is not iterable
Traceback (most recent call last):
  File "/var/lib/jenkins/jobs/CloudCafe(Negative)/workspace/lib/ccengine/domain/base_domain.py", line 93, in deserialize
    ret = getattr(cls, '_%s_to_obj' % format_type)(serialized_str)
  File "/var/lib/jenkins/jobs/CloudCafe(Negative)/workspace/lib/ccengine/domain/tq_search/response/tq_search.py", line 94, in _json_to_obj
    ret.ticket = TicketDetails(response)
  File "/var/lib/jenkins/jobs/CloudCafe(Negative)/workspace/lib/ccengine/domain/tq_search/response/tq_search.py", line 114, in __init__
    if not "source_system" in ticket:
TypeError: argument of type 'NoneType' is not iterable
2013-09-02 11:01:35,843: DEBUG: ccengine.domain.tq_search.response.tq_search.Search: Deserialization Error: Attempted to deserialize type using type: json
2013-09-02 11:01:35,843: DEBUG: ccengine.domain.tq_search.response.tq_search.Search: Deserialization Error: Unble to deserialize the following:
{"badRequest":{"message":"Bad Request","detail":"Invalid query parameter: 1","code":400}}
2013-09-02 11:01:35,844: DEBUG: root: 
========================================================
TEARING DOWN TestListTickets at 2013-09-02 11:01:35.844003
========================================================
2013-09-02 11:01:40,842: DEBUG: root: 
========================================================
test_incorrect_value_of_query_parameter_returns_no_ticket STARTING at 2013-09-02 11:01:40.842555
========================================================
2013-09-02 11:01:40,842: DEBUG: ccengine.common.connectors.rest: (<ccengine.clients.tq_search.gate_api.SearchApiClient object at 0xe411110>, 'GET', 'http://staging.search.api.rackspace.com/tickets') {'headers': {}, 'params': {'status': 1, 'sort': None, 'queue': None, 'updatedAt': None, 'number': None, 'priority': None, 'limit': 100, 'createdAt_range': None, 'offset': 0, 'category': None, 'createdAt': None, 'subject': None}, 'data': None, 'auth': None, 'verify': False}
2013-09-02 11:01:40,844: INFO: requests.packages.urllib3.connectionpool: Starting new HTTP connection (1): staging.search.api.rackspace.com
2013-09-02 11:01:40,866: DEBUG: requests.packages.urllib3.connectionpool: "GET /tickets?status=1&limit=100&offset=0 HTTP/1.1" 200 None
2013-09-02 11:01:40,866: DEBUG: ccengine.common.connectors.rest: 
------------
REQUEST SENT
------------
request method  : GET
request url     : http://staging.search.api.rackspace.com/tickets
request params  : status=1&limit=100&offset=0
request headers : CaseInsensitiveDict({'Accept-Encoding': 'gzip, deflate, compress', 'Accept': '*/*', 'User-Agent': 'python-requests/1.2.3 CPython/2.7.3 Linux/2.6.18-348.2.1.el5xen'})
request body    : None

2013-09-02 11:01:40,867: DEBUG: ccengine.common.connectors.rest: 
-----------------
RESPONSE RECIEVED
-----------------
response status  : <Response [200]>
response time    : 0.0235629081726
response headers : CaseInsensitiveDict({'date': 'Mon, 02 Sep 2013 10:48:14 GMT', 'transfer-encoding': 'chunked', 'connection': 'keep-alive', 'content-type': 'application/json', 'server': 'nginx/1.1.19'})
response body    : {"response":{"total":0,"limit":100,"offset":0,"tickets":[],"facets":[],"links":[{"rel":"last","href":"http://staging.search.api.rackspace.com/tickets?limit=100&status=1&offset=0"},{"rel":"first","href":"http://staging.search.api.rackspace.com/tickets?limit=100&status=1&offset=0"}]}}
-------------------------------------------------------------------------------
2013-09-02 11:01:40,867: DEBUG: root: 
========================================================
TEARING DOWN TestListTickets at 2013-09-02 11:01:40.867304
========================================================
2013-09-02 11:01:45,862: DEBUG: root: 
========================================================
test_negative_value_of_limit_throws_bad_request_400 STARTING at 2013-09-02 11:01:45.862869
========================================================
2013-09-02 11:01:45,863: DEBUG: ccengine.common.connectors.rest: (<ccengine.clients.tq_search.gate_api.SearchApiClient object at 0xe411110>, 'GET', 'http://staging.search.api.rackspace.com/tickets') {'headers': {}, 'params': {'status': None, 'sort': None, 'queue': None, 'updatedAt': None, 'number': None, 'priority': None, 'limit': -1, 'createdAt_range': None, 'offset': 0, 'category': None, 'createdAt': None, 'subject': None}, 'data': None, 'auth': None, 'verify': False}
2013-09-02 11:01:45,864: INFO: requests.packages.urllib3.connectionpool: Starting new HTTP connection (1): staging.search.api.rackspace.com
2013-09-02 11:01:45,882: DEBUG: requests.packages.urllib3.connectionpool: "GET /tickets?limit=-1&offset=0 HTTP/1.1" 400 None
2013-09-02 11:01:45,883: DEBUG: ccengine.common.connectors.rest: 
------------
REQUEST SENT
------------
request method  : GET
request url     : http://staging.search.api.rackspace.com/tickets
request params  : limit=-1&offset=0
request headers : CaseInsensitiveDict({'Accept-Encoding': 'gzip, deflate, compress', 'Accept': '*/*', 'User-Agent': 'python-requests/1.2.3 CPython/2.7.3 Linux/2.6.18-348.2.1.el5xen'})
request body    : None

2013-09-02 11:01:45,883: DEBUG: ccengine.common.connectors.rest: 
-----------------
RESPONSE RECIEVED
-----------------
response status  : <Response [400]>
response time    : 0.0199899673462
response headers : CaseInsensitiveDict({'date': 'Mon, 02 Sep 2013 10:48:20 GMT', 'transfer-encoding': 'chunked', 'connection': 'keep-alive', 'content-type': 'application/json', 'server': 'nginx/1.1.19'})
response body    : {"badRequest":{"message":"Bad Request","detail":"Not a valid Request","code":400}}
-------------------------------------------------------------------------------
2013-09-02 11:01:45,883: ERROR: ccengine.domain.tq_search.response.tq_search.Search: argument of type 'NoneType' is not iterable
Traceback (most recent call last):
  File "/var/lib/jenkins/jobs/CloudCafe(Negative)/workspace/lib/ccengine/domain/base_domain.py", line 93, in deserialize
    ret = getattr(cls, '_%s_to_obj' % format_type)(serialized_str)
  File "/var/lib/jenkins/jobs/CloudCafe(Negative)/workspace/lib/ccengine/domain/tq_search/response/tq_search.py", line 94, in _json_to_obj
    ret.ticket = TicketDetails(response)
  File "/var/lib/jenkins/jobs/CloudCafe(Negative)/workspace/lib/ccengine/domain/tq_search/response/tq_search.py", line 114, in __init__
    if not "source_system" in ticket:
TypeError: argument of type 'NoneType' is not iterable
2013-09-02 11:01:45,884: DEBUG: ccengine.domain.tq_search.response.tq_search.Search: Deserialization Error: Attempted to deserialize type using type: json
2013-09-02 11:01:45,884: DEBUG: ccengine.domain.tq_search.response.tq_search.Search: Deserialization Error: Unble to deserialize the following:
{"badRequest":{"message":"Bad Request","detail":"Not a valid Request","code":400}}
2013-09-02 11:01:45,884: DEBUG: root: 
========================================================
TEARING DOWN TestListTickets at 2013-09-02 11:01:45.884624
========================================================
2013-09-02 11:01:50,963: DEBUG: root: 
========================================================
test_no_value_of_limit_returns_zero_tickets STARTING at 2013-09-02 11:01:50.963200
========================================================
2013-09-02 11:01:50,963: DEBUG: ccengine.common.connectors.rest: (<ccengine.clients.tq_search.gate_api.SearchApiClient object at 0xe411110>, 'GET', 'http://staging.search.api.rackspace.com/tickets') {'headers': {}, 'params': {'status': None, 'sort': None, 'queue': None, 'updatedAt': None, 'number': None, 'priority': None, 'limit': 0, 'createdAt_range': None, 'offset': 0, 'category': None, 'createdAt': None, 'subject': None}, 'data': None, 'auth': None, 'verify': False}
2013-09-02 11:01:50,964: INFO: requests.packages.urllib3.connectionpool: Starting new HTTP connection (1): staging.search.api.rackspace.com
2013-09-02 11:01:50,985: DEBUG: requests.packages.urllib3.connectionpool: "GET /tickets?limit=0&offset=0 HTTP/1.1" 200 None
2013-09-02 11:01:50,985: DEBUG: ccengine.common.connectors.rest: 
------------
REQUEST SENT
------------
request method  : GET
request url     : http://staging.search.api.rackspace.com/tickets
request params  : limit=0&offset=0
request headers : CaseInsensitiveDict({'Accept-Encoding': 'gzip, deflate, compress', 'Accept': '*/*', 'User-Agent': 'python-requests/1.2.3 CPython/2.7.3 Linux/2.6.18-348.2.1.el5xen'})
request body    : None

2013-09-02 11:01:50,986: DEBUG: ccengine.common.connectors.rest: 
-----------------
RESPONSE RECIEVED
-----------------
response status  : <Response [200]>
response time    : 0.0219769477844
response headers : CaseInsensitiveDict({'date': 'Mon, 02 Sep 2013 10:48:25 GMT', 'transfer-encoding': 'chunked', 'connection': 'keep-alive', 'content-type': 'application/json', 'server': 'nginx/1.1.19'})
response body    : {"response":{"total":52774,"limit":0,"offset":0,"tickets":[],"facets":[],"links":[{"rel":"last","href":"http://staging.search.api.rackspace.com/tickets?limit=0&offset=0"},{"rel":"next","href":"http://staging.search.api.rackspace.com/tickets?limit=0&offset=0"},{"rel":"first","href":"http://staging.search.api.rackspace.com/tickets?limit=0&offset=0"}]}}
-------------------------------------------------------------------------------
2013-09-02 11:01:50,986: DEBUG: root: 
========================================================
TEARING DOWN TestListTickets at 2013-09-02 11:01:50.986339
========================================================
2013-09-02 11:01:55,983: DEBUG: root: 
========================================================
TEARING DOWN TestListTickets at 2013-09-02 11:01:55.983358
========================================================
2013-09-02 11:01:55,984: INFO: RunnerLog: Ran 5 Tests
2013-09-02 11:01:55,984: INFO: RunnerLog: Passing all tests
2013-09-02 11:01:55,984: INFO: RunnerLog: 

