2013-08-28 05:52:09,536: DEBUG: root: 
========================================================
SETTING UP testrepo.tq_search.search_existing_ticket.test_pagination.TestPagination at 2013-08-28 05:52:09.536086
========================================================
2013-08-28 05:52:09,539: ERROR: ccengine.domain.configuration.AuthConfig: No option 'api_key' in section: 'auth'
2013-08-28 05:52:09,539: DEBUG: ccengine.common.connectors.rest: (<ccengine.clients.auth.auth_client.AuthClient object at 0x15b8c590>, 'POST', 'https://ws.staging.core.rackspace.com/ctkapi/login/melissa.biles') {'headers': {}, 'params': {}, 'data': '{"password": "qwerty"}', 'auth': None, 'verify': False}
2013-08-28 05:52:09,551: INFO: requests.packages.urllib3.connectionpool: Starting new HTTPS connection (1): ws.staging.core.rackspace.com
2013-08-28 05:52:09,816: DEBUG: requests.packages.urllib3.connectionpool: "POST /ctkapi/login/melissa.biles HTTP/1.1" 200 None
2013-08-28 05:52:09,887: DEBUG: ccengine.common.connectors.rest: 
------------
REQUEST SENT
------------
request method  : POST
request url     : https://ws.staging.core.rackspace.com/ctkapi/login/melissa.biles
request params  : 
request headers : CaseInsensitiveDict({'Content-Length': u'22', 'Accept-Encoding': 'gzip, deflate, compress', 'Accept': '*/*', 'User-Agent': 'python-requests/1.2.3 CPython/2.7.3 Linux/2.6.18-348.2.1.el5xen'})
request body    : {"password": "qwerty"}

2013-08-28 05:52:09,888: DEBUG: ccengine.common.connectors.rest: 
-----------------
RESPONSE RECIEVED
-----------------
response status  : <Response [200]>
response time    : 0.347628116608
response headers : CaseInsensitiveDict({'date': 'Wed, 28 Aug 2013 05:37:36 GMT', 'transfer-encoding': 'chunked', 'content-type': 'application/json', 'server': 'Apache/2.2.3 (Red Hat)'})
response body    : {"authtoken": "822acfbcf448de1be61056b67ef9ea76"}
-------------------------------------------------------------------------------
2013-08-28 05:52:09,891: DEBUG: root: 
========================================================
test_incorrect_sorting_specified_raises_bad_request STARTING at 2013-08-28 05:52:09.891802
========================================================
2013-08-28 05:52:09,892: DEBUG: ccengine.common.connectors.rest: (<ccengine.clients.tq_search.gate_api.SearchApiClient object at 0x15b88710>, 'GET', 'http://staging.search.api.rackspace.com/tickets') {'headers': {}, 'params': {'status': None, 'sort': 'number|xyz', 'queue': None, 'updatedAt': None, 'number': None, 'priority': None, 'limit': 100, 'createdAt_range': '[2013-03-12T08:00:26.000Z,2013-03-12T11:02:26.000Z]', 'offset': 0, 'category': None, 'createdAt': None, 'subject': None}, 'data': None, 'auth': None, 'verify': False}
2013-08-28 05:52:09,893: INFO: requests.packages.urllib3.connectionpool: Starting new HTTP connection (1): staging.search.api.rackspace.com
2013-08-28 05:52:09,918: DEBUG: requests.packages.urllib3.connectionpool: "GET /tickets?sort=number%7Cxyz&limit=100&createdAt_range=%5B2013-03-12T08%3A00%3A26.000Z%2C2013-03-12T11%3A02%3A26.000Z%5D&offset=0 HTTP/1.1" 400 None
2013-08-28 05:52:09,919: DEBUG: ccengine.common.connectors.rest: 
------------
REQUEST SENT
------------
request method  : GET
request url     : http://staging.search.api.rackspace.com/tickets
request params  : sort=number%7Cxyz&limit=100&createdAt_range=%5B2013-03-12T08%3A00%3A26.000Z%2C2013-03-12T11%3A02%3A26.000Z%5D&offset=0
request headers : CaseInsensitiveDict({'Accept-Encoding': 'gzip, deflate, compress', 'Accept': '*/*', 'User-Agent': 'python-requests/1.2.3 CPython/2.7.3 Linux/2.6.18-348.2.1.el5xen'})
request body    : None

2013-08-28 05:52:09,919: DEBUG: ccengine.common.connectors.rest: 
-----------------
RESPONSE RECIEVED
-----------------
response status  : <Response [400]>
response time    : 0.0268728733063
response headers : CaseInsensitiveDict({'date': 'Wed, 28 Aug 2013 05:39:12 GMT', 'transfer-encoding': 'chunked', 'connection': 'keep-alive', 'content-type': 'application/json', 'server': 'nginx/1.1.19'})
response body    : {"badRequest":{"message":"Bad Request","detail":"No enum constant org.elasticsearch.search.sort.SortOrder.XYZ","code":400}}
-------------------------------------------------------------------------------
2013-08-28 05:52:09,920: ERROR: ccengine.domain.tq_search.response.tq_search.Search: argument of type 'NoneType' is not iterable
Traceback (most recent call last):
  File "/var/lib/jenkins/jobs/CloudCafe(Negative)/workspace/lib/ccengine/domain/base_domain.py", line 93, in deserialize
    ret = getattr(cls, '_%s_to_obj' % format_type)(serialized_str)
  File "/var/lib/jenkins/jobs/CloudCafe(Negative)/workspace/lib/ccengine/domain/tq_search/response/tq_search.py", line 94, in _json_to_obj
    ret.ticket = TicketDetails(response)
  File "/var/lib/jenkins/jobs/CloudCafe(Negative)/workspace/lib/ccengine/domain/tq_search/response/tq_search.py", line 114, in __init__
    if not "source_system" in ticket:
TypeError: argument of type 'NoneType' is not iterable
2013-08-28 05:52:09,920: DEBUG: ccengine.domain.tq_search.response.tq_search.Search: Deserialization Error: Attempted to deserialize type using type: json
2013-08-28 05:52:09,921: DEBUG: ccengine.domain.tq_search.response.tq_search.Search: Deserialization Error: Unble to deserialize the following:
{"badRequest":{"message":"Bad Request","detail":"No enum constant org.elasticsearch.search.sort.SortOrder.XYZ","code":400}}
2013-08-28 05:52:09,921: DEBUG: root: 
========================================================
TEARING DOWN TestPagination at 2013-08-28 05:52:09.921571
========================================================
2013-08-28 05:52:14,919: DEBUG: root: 
========================================================
TEARING DOWN TestPagination at 2013-08-28 05:52:14.919867
========================================================
2013-08-28 05:52:14,922: DEBUG: root: 
========================================================
SETTING UP testrepo.tq_search.search_existing_ticket.test_list_tickets.TestListTickets at 2013-08-28 05:52:14.922365
========================================================
2013-08-28 05:52:14,925: ERROR: ccengine.domain.configuration.AuthConfig: No option 'api_key' in section: 'auth'
2013-08-28 05:52:14,925: DEBUG: ccengine.common.connectors.rest: (<ccengine.clients.auth.auth_client.AuthClient object at 0x15c23d50>, 'POST', 'https://ws.staging.core.rackspace.com/ctkapi/login/melissa.biles') {'headers': {}, 'params': {}, 'data': '{"password": "qwerty"}', 'auth': None, 'verify': False}
2013-08-28 05:52:14,926: INFO: requests.packages.urllib3.connectionpool: Starting new HTTPS connection (1): ws.staging.core.rackspace.com
2013-08-28 05:52:15,185: DEBUG: requests.packages.urllib3.connectionpool: "POST /ctkapi/login/melissa.biles HTTP/1.1" 200 None
2013-08-28 05:52:15,264: DEBUG: ccengine.common.connectors.rest: 
------------
REQUEST SENT
------------
request method  : POST
request url     : https://ws.staging.core.rackspace.com/ctkapi/login/melissa.biles
request params  : 
request headers : CaseInsensitiveDict({'Content-Length': u'22', 'Accept-Encoding': 'gzip, deflate, compress', 'Accept': '*/*', 'User-Agent': 'python-requests/1.2.3 CPython/2.7.3 Linux/2.6.18-348.2.1.el5xen'})
request body    : {"password": "qwerty"}

2013-08-28 05:52:15,264: DEBUG: ccengine.common.connectors.rest: 
-----------------
RESPONSE RECIEVED
-----------------
response status  : <Response [200]>
response time    : 0.338288068771
response headers : CaseInsensitiveDict({'date': 'Wed, 28 Aug 2013 05:37:42 GMT', 'transfer-encoding': 'chunked', 'content-type': 'application/json', 'server': 'Apache/2.2.3 (Red Hat)'})
response body    : {"authtoken": "4b0a0e70955179dfa875a806dd4c51bb"}
-------------------------------------------------------------------------------
2013-08-28 05:52:15,267: DEBUG: root: 
========================================================
test_incorrect_query_parameter_returns_bad_request_400 STARTING at 2013-08-28 05:52:15.267367
========================================================
2013-08-28 05:52:15,267: DEBUG: ccengine.common.connectors.rest: (<ccengine.clients.tq_search.gate_api.SearchApiClient object at 0x15c23110>, 'GET', 'http://staging.search.api.rackspace.com/tickets') {'headers': {}, 'params': {'status': None, 'sort': None, 'queue': None, 'updatedAt': None, 'number': None, 'priority': None, '1': '1', 'limit': 100, 'createdAt_range': None, 'offset': 0, 'category': None, 'createdAt': None, 'subject': None}, 'data': None, 'auth': None, 'verify': False}
2013-08-28 05:52:15,269: INFO: requests.packages.urllib3.connectionpool: Starting new HTTP connection (1): staging.search.api.rackspace.com
2013-08-28 05:52:15,290: DEBUG: requests.packages.urllib3.connectionpool: "GET /tickets?1=1&limit=100&offset=0 HTTP/1.1" 400 None
2013-08-28 05:52:15,291: DEBUG: ccengine.common.connectors.rest: 
------------
REQUEST SENT
------------
request method  : GET
request url     : http://staging.search.api.rackspace.com/tickets
request params  : 1=1&limit=100&offset=0
request headers : CaseInsensitiveDict({'Accept-Encoding': 'gzip, deflate, compress', 'Accept': '*/*', 'User-Agent': 'python-requests/1.2.3 CPython/2.7.3 Linux/2.6.18-348.2.1.el5xen'})
request body    : None

2013-08-28 05:52:15,292: DEBUG: ccengine.common.connectors.rest: 
-----------------
RESPONSE RECIEVED
-----------------
response status  : <Response [400]>
response time    : 0.0237169265747
response headers : CaseInsensitiveDict({'date': 'Wed, 28 Aug 2013 05:39:17 GMT', 'transfer-encoding': 'chunked', 'connection': 'keep-alive', 'content-type': 'application/json', 'server': 'nginx/1.1.19'})
response body    : {"badRequest":{"message":"Bad Request","detail":"Invalid query parameter: 1","code":400}}
-------------------------------------------------------------------------------
2013-08-28 05:52:15,292: ERROR: ccengine.domain.tq_search.response.tq_search.Search: argument of type 'NoneType' is not iterable
Traceback (most recent call last):
  File "/var/lib/jenkins/jobs/CloudCafe(Negative)/workspace/lib/ccengine/domain/base_domain.py", line 93, in deserialize
    ret = getattr(cls, '_%s_to_obj' % format_type)(serialized_str)
  File "/var/lib/jenkins/jobs/CloudCafe(Negative)/workspace/lib/ccengine/domain/tq_search/response/tq_search.py", line 94, in _json_to_obj
    ret.ticket = TicketDetails(response)
  File "/var/lib/jenkins/jobs/CloudCafe(Negative)/workspace/lib/ccengine/domain/tq_search/response/tq_search.py", line 114, in __init__
    if not "source_system" in ticket:
TypeError: argument of type 'NoneType' is not iterable
2013-08-28 05:52:15,292: DEBUG: ccengine.domain.tq_search.response.tq_search.Search: Deserialization Error: Attempted to deserialize type using type: json
2013-08-28 05:52:15,292: DEBUG: ccengine.domain.tq_search.response.tq_search.Search: Deserialization Error: Unble to deserialize the following:
{"badRequest":{"message":"Bad Request","detail":"Invalid query parameter: 1","code":400}}
2013-08-28 05:52:15,293: DEBUG: root: 
========================================================
TEARING DOWN TestListTickets at 2013-08-28 05:52:15.293243
========================================================
2013-08-28 05:52:20,292: DEBUG: root: 
========================================================
test_incorrect_value_of_query_parameter_returns_no_ticket STARTING at 2013-08-28 05:52:20.292256
========================================================
2013-08-28 05:52:20,292: DEBUG: ccengine.common.connectors.rest: (<ccengine.clients.tq_search.gate_api.SearchApiClient object at 0x15c23110>, 'GET', 'http://staging.search.api.rackspace.com/tickets') {'headers': {}, 'params': {'status': 1, 'sort': None, 'queue': None, 'updatedAt': None, 'number': None, 'priority': None, 'limit': 100, 'createdAt_range': None, 'offset': 0, 'category': None, 'createdAt': None, 'subject': None}, 'data': None, 'auth': None, 'verify': False}
2013-08-28 05:52:20,294: INFO: requests.packages.urllib3.connectionpool: Starting new HTTP connection (1): staging.search.api.rackspace.com
2013-08-28 05:52:20,315: DEBUG: requests.packages.urllib3.connectionpool: "GET /tickets?status=1&limit=100&offset=0 HTTP/1.1" 200 None
2013-08-28 05:52:20,316: DEBUG: ccengine.common.connectors.rest: 
------------
REQUEST SENT
------------
request method  : GET
request url     : http://staging.search.api.rackspace.com/tickets
request params  : status=1&limit=100&offset=0
request headers : CaseInsensitiveDict({'Accept-Encoding': 'gzip, deflate, compress', 'Accept': '*/*', 'User-Agent': 'python-requests/1.2.3 CPython/2.7.3 Linux/2.6.18-348.2.1.el5xen'})
request body    : None

2013-08-28 05:52:20,316: DEBUG: ccengine.common.connectors.rest: 
-----------------
RESPONSE RECIEVED
-----------------
response status  : <Response [200]>
response time    : 0.0237798690796
response headers : CaseInsensitiveDict({'date': 'Wed, 28 Aug 2013 05:39:22 GMT', 'transfer-encoding': 'chunked', 'connection': 'keep-alive', 'content-type': 'application/json', 'server': 'nginx/1.1.19'})
response body    : {"response":{"total":0,"limit":100,"offset":0,"tickets":[],"facets":[],"links":[{"rel":"last","href":"http://staging.search.api.rackspace.com/tickets?limit=100&status=1&offset=0"},{"rel":"first","href":"http://staging.search.api.rackspace.com/tickets?limit=100&status=1&offset=0"}]}}
-------------------------------------------------------------------------------
2013-08-28 05:52:20,317: DEBUG: root: 
========================================================
TEARING DOWN TestListTickets at 2013-08-28 05:52:20.317233
========================================================
2013-08-28 05:52:25,316: DEBUG: root: 
========================================================
test_negative_value_of_limit_throws_bad_request_400 STARTING at 2013-08-28 05:52:25.316532
========================================================
2013-08-28 05:52:25,316: DEBUG: ccengine.common.connectors.rest: (<ccengine.clients.tq_search.gate_api.SearchApiClient object at 0x15c23110>, 'GET', 'http://staging.search.api.rackspace.com/tickets') {'headers': {}, 'params': {'status': None, 'sort': None, 'queue': None, 'updatedAt': None, 'number': None, 'priority': None, 'limit': -1, 'createdAt_range': None, 'offset': 0, 'category': None, 'createdAt': None, 'subject': None}, 'data': None, 'auth': None, 'verify': False}
2013-08-28 05:52:25,318: INFO: requests.packages.urllib3.connectionpool: Starting new HTTP connection (1): staging.search.api.rackspace.com
2013-08-28 05:52:25,337: DEBUG: requests.packages.urllib3.connectionpool: "GET /tickets?limit=-1&offset=0 HTTP/1.1" 400 None
2013-08-28 05:52:25,337: DEBUG: ccengine.common.connectors.rest: 
------------
REQUEST SENT
------------
request method  : GET
request url     : http://staging.search.api.rackspace.com/tickets
request params  : limit=-1&offset=0
request headers : CaseInsensitiveDict({'Accept-Encoding': 'gzip, deflate, compress', 'Accept': '*/*', 'User-Agent': 'python-requests/1.2.3 CPython/2.7.3 Linux/2.6.18-348.2.1.el5xen'})
request body    : None

2013-08-28 05:52:25,337: DEBUG: ccengine.common.connectors.rest: 
-----------------
RESPONSE RECIEVED
-----------------
response status  : <Response [400]>
response time    : 0.0205390453339
response headers : CaseInsensitiveDict({'date': 'Wed, 28 Aug 2013 05:39:27 GMT', 'transfer-encoding': 'chunked', 'connection': 'keep-alive', 'content-type': 'application/json', 'server': 'nginx/1.1.19'})
response body    : {"badRequest":{"message":"Bad Request","detail":"Not a valid Request","code":400}}
-------------------------------------------------------------------------------
2013-08-28 05:52:25,338: ERROR: ccengine.domain.tq_search.response.tq_search.Search: argument of type 'NoneType' is not iterable
Traceback (most recent call last):
  File "/var/lib/jenkins/jobs/CloudCafe(Negative)/workspace/lib/ccengine/domain/base_domain.py", line 93, in deserialize
    ret = getattr(cls, '_%s_to_obj' % format_type)(serialized_str)
  File "/var/lib/jenkins/jobs/CloudCafe(Negative)/workspace/lib/ccengine/domain/tq_search/response/tq_search.py", line 94, in _json_to_obj
    ret.ticket = TicketDetails(response)
  File "/var/lib/jenkins/jobs/CloudCafe(Negative)/workspace/lib/ccengine/domain/tq_search/response/tq_search.py", line 114, in __init__
    if not "source_system" in ticket:
TypeError: argument of type 'NoneType' is not iterable
2013-08-28 05:52:25,338: DEBUG: ccengine.domain.tq_search.response.tq_search.Search: Deserialization Error: Attempted to deserialize type using type: json
2013-08-28 05:52:25,338: DEBUG: ccengine.domain.tq_search.response.tq_search.Search: Deserialization Error: Unble to deserialize the following:
{"badRequest":{"message":"Bad Request","detail":"Not a valid Request","code":400}}
2013-08-28 05:52:25,338: DEBUG: root: 
========================================================
TEARING DOWN TestListTickets at 2013-08-28 05:52:25.338825
========================================================
2013-08-28 05:52:30,336: DEBUG: root: 
========================================================
test_no_value_of_limit_returns_zero_tickets STARTING at 2013-08-28 05:52:30.336864
========================================================
2013-08-28 05:52:30,337: DEBUG: ccengine.common.connectors.rest: (<ccengine.clients.tq_search.gate_api.SearchApiClient object at 0x15c23110>, 'GET', 'http://staging.search.api.rackspace.com/tickets') {'headers': {}, 'params': {'status': None, 'sort': None, 'queue': None, 'updatedAt': None, 'number': None, 'priority': None, 'limit': 0, 'createdAt_range': None, 'offset': 0, 'category': None, 'createdAt': None, 'subject': None}, 'data': None, 'auth': None, 'verify': False}
2013-08-28 05:52:30,338: INFO: requests.packages.urllib3.connectionpool: Starting new HTTP connection (1): staging.search.api.rackspace.com
2013-08-28 05:52:30,359: DEBUG: requests.packages.urllib3.connectionpool: "GET /tickets?limit=0&offset=0 HTTP/1.1" 200 None
2013-08-28 05:52:30,360: DEBUG: ccengine.common.connectors.rest: 
------------
REQUEST SENT
------------
request method  : GET
request url     : http://staging.search.api.rackspace.com/tickets
request params  : limit=0&offset=0
request headers : CaseInsensitiveDict({'Accept-Encoding': 'gzip, deflate, compress', 'Accept': '*/*', 'User-Agent': 'python-requests/1.2.3 CPython/2.7.3 Linux/2.6.18-348.2.1.el5xen'})
request body    : None

2013-08-28 05:52:30,360: DEBUG: ccengine.common.connectors.rest: 
-----------------
RESPONSE RECIEVED
-----------------
response status  : <Response [200]>
response time    : 0.0227670669556
response headers : CaseInsensitiveDict({'date': 'Wed, 28 Aug 2013 05:39:32 GMT', 'transfer-encoding': 'chunked', 'connection': 'keep-alive', 'content-type': 'application/json', 'server': 'nginx/1.1.19'})
response body    : {"response":{"total":48455,"limit":0,"offset":0,"tickets":[],"facets":[],"links":[{"rel":"last","href":"http://staging.search.api.rackspace.com/tickets?limit=0&offset=0"},{"rel":"next","href":"http://staging.search.api.rackspace.com/tickets?limit=0&offset=0"},{"rel":"first","href":"http://staging.search.api.rackspace.com/tickets?limit=0&offset=0"}]}}
-------------------------------------------------------------------------------
2013-08-28 05:52:30,360: DEBUG: root: 
========================================================
TEARING DOWN TestListTickets at 2013-08-28 05:52:30.360870
========================================================
2013-08-28 05:52:35,361: DEBUG: root: 
========================================================
TEARING DOWN TestListTickets at 2013-08-28 05:52:35.361087
========================================================
2013-08-28 05:52:35,362: INFO: RunnerLog: Ran 5 Tests
2013-08-28 05:52:35,362: INFO: RunnerLog: Passing all tests
2013-08-28 05:52:35,362: INFO: RunnerLog: 

