2013-06-25 09:46:19,894: DEBUG: root: 
========================================================
SETTING UP testrepo.tq_search.search_existing_ticket.test_pagination.TestPagination at 2013-06-25 09:46:19.894797
========================================================
2013-06-25 09:46:19,898: ERROR: ccengine.domain.configuration.AuthConfig: No option 'api_key' in section: 'auth'
2013-06-25 09:46:19,898: DEBUG: ccengine.common.connectors.rest: (<ccengine.clients.auth.auth_client.AuthClient object at 0x152e8410>, 'POST', 'https://ws.staging.core.rackspace.com/ctkapi/login/melissa.biles') {'headers': {}, 'params': {}, 'data': '{"password": "qwerty"}', 'auth': None, 'verify': False}
2013-06-25 09:46:19,910: INFO: requests.packages.urllib3.connectionpool: Starting new HTTPS connection (1): ws.staging.core.rackspace.com
2013-06-25 09:46:21,337: DEBUG: requests.packages.urllib3.connectionpool: "POST /ctkapi/login/melissa.biles HTTP/1.1" 200 None
2013-06-25 09:46:21,338: DEBUG: ccengine.common.connectors.rest: 
------------
REQUEST SENT
------------
request method  : POST
request url     : https://ws.staging.core.rackspace.com/ctkapi/login/melissa.biles
request params  : 
request headers : CaseInsensitiveDict({'Content-Length': u'22', 'Accept-Encoding': 'gzip, deflate, compress', 'Accept': '*/*', 'User-Agent': 'python-requests/1.2.3 CPython/2.7.3 Linux/2.6.18-348.2.1.el5xen'})
request body    : {"password": "qwerty"}

2013-06-25 09:46:21,339: DEBUG: ccengine.common.connectors.rest: 
-----------------
RESPONSE RECIEVED
-----------------
response status  : <Response [200]>
response time    : 1.43976593018
response headers : CaseInsensitiveDict({'date': 'Tue, 25 Jun 2013 09:38:26 GMT', 'transfer-encoding': 'chunked', 'content-type': 'application/json', 'server': 'Apache/2.2.3 (Red Hat)'})
response body    : {"authtoken": "7873a9f0e6eeddeafeffbbd08a55ddaf"}
-------------------------------------------------------------------------------
2013-06-25 09:46:21,342: DEBUG: root: 
========================================================
test_incorrect_sorting_specified_raises_bad_request STARTING at 2013-06-25 09:46:21.342880
========================================================
2013-06-25 09:46:21,343: DEBUG: ccengine.common.connectors.rest: (<ccengine.clients.tq_search.gate_api.SearchApiClient object at 0x152e55d0>, 'GET', 'http://staging.search.api.rackspace.com/tickets') {'headers': {}, 'params': {'status': None, 'sort': 'number|xyz', 'queue': None, 'updatedAt': None, 'number': None, 'priority': None, 'limit': 100, 'createdAt_range': '[2013-03-12T08:00:26.000Z,2013-03-12T11:02:26.000Z]', 'offset': 0, 'category': None, 'createdAt': None, 'subject': None}, 'data': None, 'auth': None, 'verify': False}
2013-06-25 09:46:21,345: INFO: requests.packages.urllib3.connectionpool: Starting new HTTP connection (1): staging.search.api.rackspace.com
2013-06-25 09:46:21,368: DEBUG: requests.packages.urllib3.connectionpool: "GET /tickets?sort=number%7Cxyz&limit=100&createdAt_range=%5B2013-03-12T08%3A00%3A26.000Z%2C2013-03-12T11%3A02%3A26.000Z%5D&offset=0 HTTP/1.1" 400 None
2013-06-25 09:46:21,369: DEBUG: ccengine.common.connectors.rest: 
------------
REQUEST SENT
------------
request method  : GET
request url     : http://staging.search.api.rackspace.com/tickets
request params  : sort=number%7Cxyz&limit=100&createdAt_range=%5B2013-03-12T08%3A00%3A26.000Z%2C2013-03-12T11%3A02%3A26.000Z%5D&offset=0
request headers : CaseInsensitiveDict({'Accept-Encoding': 'gzip, deflate, compress', 'Accept': '*/*', 'User-Agent': 'python-requests/1.2.3 CPython/2.7.3 Linux/2.6.18-348.2.1.el5xen'})
request body    : None

2013-06-25 09:46:21,370: DEBUG: ccengine.common.connectors.rest: 
-----------------
RESPONSE RECIEVED
-----------------
response status  : <Response [400]>
response time    : 0.0257601737976
response headers : CaseInsensitiveDict({'date': 'Tue, 25 Jun 2013 09:39:12 GMT', 'transfer-encoding': 'chunked', 'connection': 'keep-alive', 'content-type': 'application/json', 'server': 'nginx/1.1.19'})
response body    : {"badRequest":{"message":"Bad Request","detail":"No enum constant org.elasticsearch.search.sort.SortOrder.XYZ","code":400}}
-------------------------------------------------------------------------------
2013-06-25 09:46:21,370: ERROR: ccengine.domain.tq_search.response.tq_search.Search: argument of type 'NoneType' is not iterable
Traceback (most recent call last):
  File "/var/lib/jenkins/jobs/CloudCafe(Negative)/workspace/lib/ccengine/domain/base_domain.py", line 93, in deserialize
    ret = getattr(cls, '_%s_to_obj' % format_type)(serialized_str)
  File "/var/lib/jenkins/jobs/CloudCafe(Negative)/workspace/lib/ccengine/domain/tq_search/response/tq_search.py", line 90, in _json_to_obj
    ret.ticket = TicketDetails(response)
  File "/var/lib/jenkins/jobs/CloudCafe(Negative)/workspace/lib/ccengine/domain/tq_search/response/tq_search.py", line 107, in __init__
    if not "source_system" in ticket:
TypeError: argument of type 'NoneType' is not iterable
2013-06-25 09:46:21,371: DEBUG: ccengine.domain.tq_search.response.tq_search.Search: Deserialization Error: Attempted to deserialize type using type: json
2013-06-25 09:46:21,371: DEBUG: ccengine.domain.tq_search.response.tq_search.Search: Deserialization Error: Unble to deserialize the following:
{"badRequest":{"message":"Bad Request","detail":"No enum constant org.elasticsearch.search.sort.SortOrder.XYZ","code":400}}
2013-06-25 09:46:21,371: DEBUG: root: 
========================================================
TEARING DOWN TestPagination at 2013-06-25 09:46:21.371783
========================================================
2013-06-25 09:46:26,367: DEBUG: root: 
========================================================
TEARING DOWN TestPagination at 2013-06-25 09:46:26.367606
========================================================
2013-06-25 09:46:26,370: DEBUG: root: 
========================================================
SETTING UP testrepo.tq_search.search_existing_ticket.test_list_tickets.TestListTickets at 2013-06-25 09:46:26.370051
========================================================
2013-06-25 09:46:26,372: ERROR: ccengine.domain.configuration.AuthConfig: No option 'api_key' in section: 'auth'
2013-06-25 09:46:26,373: DEBUG: ccengine.common.connectors.rest: (<ccengine.clients.auth.auth_client.AuthClient object at 0x153b5a50>, 'POST', 'https://ws.staging.core.rackspace.com/ctkapi/login/melissa.biles') {'headers': {}, 'params': {}, 'data': '{"password": "qwerty"}', 'auth': None, 'verify': False}
2013-06-25 09:46:26,374: INFO: requests.packages.urllib3.connectionpool: Starting new HTTPS connection (1): ws.staging.core.rackspace.com
2013-06-25 09:46:26,787: DEBUG: requests.packages.urllib3.connectionpool: "POST /ctkapi/login/melissa.biles HTTP/1.1" 200 None
2013-06-25 09:46:26,788: DEBUG: ccengine.common.connectors.rest: 
------------
REQUEST SENT
------------
request method  : POST
request url     : https://ws.staging.core.rackspace.com/ctkapi/login/melissa.biles
request params  : 
request headers : CaseInsensitiveDict({'Content-Length': u'22', 'Accept-Encoding': 'gzip, deflate, compress', 'Accept': '*/*', 'User-Agent': 'python-requests/1.2.3 CPython/2.7.3 Linux/2.6.18-348.2.1.el5xen'})
request body    : {"password": "qwerty"}

2013-06-25 09:46:26,788: DEBUG: ccengine.common.connectors.rest: 
-----------------
RESPONSE RECIEVED
-----------------
response status  : <Response [200]>
response time    : 0.415199041367
response headers : CaseInsensitiveDict({'date': 'Tue, 25 Jun 2013 09:38:32 GMT', 'transfer-encoding': 'chunked', 'content-type': 'application/json', 'server': 'Apache/2.2.3 (Red Hat)'})
response body    : {"authtoken": "d16235ccc6bf47c1cc156871afaa3ee1"}
-------------------------------------------------------------------------------
2013-06-25 09:46:26,791: DEBUG: root: 
========================================================
test_incorrect_query_parameter_returns_bad_request_400 STARTING at 2013-06-25 09:46:26.791845
========================================================
2013-06-25 09:46:26,792: DEBUG: ccengine.common.connectors.rest: (<ccengine.clients.tq_search.gate_api.SearchApiClient object at 0x153ace10>, 'GET', 'http://staging.search.api.rackspace.com/tickets') {'headers': {}, 'params': {'status': None, 'sort': None, 'queue': None, 'updatedAt': None, 'number': None, 'priority': None, '1': '1', 'limit': 100, 'createdAt_range': None, 'offset': 0, 'category': None, 'createdAt': None, 'subject': None}, 'data': None, 'auth': None, 'verify': False}
2013-06-25 09:46:26,793: INFO: requests.packages.urllib3.connectionpool: Starting new HTTP connection (1): staging.search.api.rackspace.com
2013-06-25 09:46:26,819: DEBUG: requests.packages.urllib3.connectionpool: "GET /tickets?1=1&limit=100&offset=0 HTTP/1.1" 400 None
2013-06-25 09:46:26,820: DEBUG: ccengine.common.connectors.rest: 
------------
REQUEST SENT
------------
request method  : GET
request url     : http://staging.search.api.rackspace.com/tickets
request params  : 1=1&limit=100&offset=0
request headers : CaseInsensitiveDict({'Accept-Encoding': 'gzip, deflate, compress', 'Accept': '*/*', 'User-Agent': 'python-requests/1.2.3 CPython/2.7.3 Linux/2.6.18-348.2.1.el5xen'})
request body    : None

2013-06-25 09:46:26,820: DEBUG: ccengine.common.connectors.rest: 
-----------------
RESPONSE RECIEVED
-----------------
response status  : <Response [400]>
response time    : 0.0278661251068
response headers : CaseInsensitiveDict({'date': 'Tue, 25 Jun 2013 09:39:17 GMT', 'transfer-encoding': 'chunked', 'connection': 'keep-alive', 'content-type': 'application/json', 'server': 'nginx/1.1.19'})
response body    : {"badRequest":{"message":"Bad Request","detail":"Invalid query parameter: 1","code":400}}
-------------------------------------------------------------------------------
2013-06-25 09:46:26,820: ERROR: ccengine.domain.tq_search.response.tq_search.Search: argument of type 'NoneType' is not iterable
Traceback (most recent call last):
  File "/var/lib/jenkins/jobs/CloudCafe(Negative)/workspace/lib/ccengine/domain/base_domain.py", line 93, in deserialize
    ret = getattr(cls, '_%s_to_obj' % format_type)(serialized_str)
  File "/var/lib/jenkins/jobs/CloudCafe(Negative)/workspace/lib/ccengine/domain/tq_search/response/tq_search.py", line 90, in _json_to_obj
    ret.ticket = TicketDetails(response)
  File "/var/lib/jenkins/jobs/CloudCafe(Negative)/workspace/lib/ccengine/domain/tq_search/response/tq_search.py", line 107, in __init__
    if not "source_system" in ticket:
TypeError: argument of type 'NoneType' is not iterable
2013-06-25 09:46:26,821: DEBUG: ccengine.domain.tq_search.response.tq_search.Search: Deserialization Error: Attempted to deserialize type using type: json
2013-06-25 09:46:26,821: DEBUG: ccengine.domain.tq_search.response.tq_search.Search: Deserialization Error: Unble to deserialize the following:
{"badRequest":{"message":"Bad Request","detail":"Invalid query parameter: 1","code":400}}
2013-06-25 09:46:26,821: DEBUG: root: 
========================================================
TEARING DOWN TestListTickets at 2013-06-25 09:46:26.821827
========================================================
2013-06-25 09:46:31,816: DEBUG: root: 
========================================================
test_incorrect_value_of_query_parameter_returns_no_ticket STARTING at 2013-06-25 09:46:31.816008
========================================================
2013-06-25 09:46:31,816: DEBUG: ccengine.common.connectors.rest: (<ccengine.clients.tq_search.gate_api.SearchApiClient object at 0x153ace10>, 'GET', 'http://staging.search.api.rackspace.com/tickets') {'headers': {}, 'params': {'status': 1, 'sort': None, 'queue': None, 'updatedAt': None, 'number': None, 'priority': None, 'limit': 100, 'createdAt_range': None, 'offset': 0, 'category': None, 'createdAt': None, 'subject': None}, 'data': None, 'auth': None, 'verify': False}
2013-06-25 09:46:31,817: INFO: requests.packages.urllib3.connectionpool: Starting new HTTP connection (1): staging.search.api.rackspace.com
2013-06-25 09:46:31,846: DEBUG: requests.packages.urllib3.connectionpool: "GET /tickets?status=1&limit=100&offset=0 HTTP/1.1" 200 None
2013-06-25 09:46:31,847: DEBUG: ccengine.common.connectors.rest: 
------------
REQUEST SENT
------------
request method  : GET
request url     : http://staging.search.api.rackspace.com/tickets
request params  : status=1&limit=100&offset=0
request headers : CaseInsensitiveDict({'Accept-Encoding': 'gzip, deflate, compress', 'Accept': '*/*', 'User-Agent': 'python-requests/1.2.3 CPython/2.7.3 Linux/2.6.18-348.2.1.el5xen'})
request body    : None

2013-06-25 09:46:31,847: DEBUG: ccengine.common.connectors.rest: 
-----------------
RESPONSE RECIEVED
-----------------
response status  : <Response [200]>
response time    : 0.0305290222168
response headers : CaseInsensitiveDict({'date': 'Tue, 25 Jun 2013 09:39:22 GMT', 'transfer-encoding': 'chunked', 'connection': 'keep-alive', 'content-type': 'application/json', 'server': 'nginx/1.1.19'})
response body    : {"response":{"total":0,"limit":100,"offset":0,"tickets":[],"facets":[],"links":[{"rel":"last","href":"http://staging.search.api.rackspace.com/tickets?limit=100&status=1&offset=0"},{"rel":"first","href":"http://staging.search.api.rackspace.com/tickets?limit=100&status=1&offset=0"}]}}
-------------------------------------------------------------------------------
2013-06-25 09:46:31,847: DEBUG: root: 
========================================================
TEARING DOWN TestListTickets at 2013-06-25 09:46:31.847811
========================================================
2013-06-25 09:46:36,848: DEBUG: root: 
========================================================
test_negative_value_of_limit_throws_bad_request_400 STARTING at 2013-06-25 09:46:36.848330
========================================================
2013-06-25 09:46:36,848: DEBUG: ccengine.common.connectors.rest: (<ccengine.clients.tq_search.gate_api.SearchApiClient object at 0x153ace10>, 'GET', 'http://staging.search.api.rackspace.com/tickets') {'headers': {}, 'params': {'status': None, 'sort': None, 'queue': None, 'updatedAt': None, 'number': None, 'priority': None, 'limit': -1, 'createdAt_range': None, 'offset': 0, 'category': None, 'createdAt': None, 'subject': None}, 'data': None, 'auth': None, 'verify': False}
2013-06-25 09:46:36,850: INFO: requests.packages.urllib3.connectionpool: Starting new HTTP connection (1): staging.search.api.rackspace.com
2013-06-25 09:46:36,866: DEBUG: requests.packages.urllib3.connectionpool: "GET /tickets?limit=-1&offset=0 HTTP/1.1" 400 None
2013-06-25 09:46:36,867: DEBUG: ccengine.common.connectors.rest: 
------------
REQUEST SENT
------------
request method  : GET
request url     : http://staging.search.api.rackspace.com/tickets
request params  : limit=-1&offset=0
request headers : CaseInsensitiveDict({'Accept-Encoding': 'gzip, deflate, compress', 'Accept': '*/*', 'User-Agent': 'python-requests/1.2.3 CPython/2.7.3 Linux/2.6.18-348.2.1.el5xen'})
request body    : None

2013-06-25 09:46:36,867: DEBUG: ccengine.common.connectors.rest: 
-----------------
RESPONSE RECIEVED
-----------------
response status  : <Response [400]>
response time    : 0.0186471939087
response headers : CaseInsensitiveDict({'date': 'Tue, 25 Jun 2013 09:39:27 GMT', 'transfer-encoding': 'chunked', 'connection': 'keep-alive', 'content-type': 'application/json', 'server': 'nginx/1.1.19'})
response body    : {"badRequest":{"message":"Bad Request","detail":"Not a valid Request","code":400}}
-------------------------------------------------------------------------------
2013-06-25 09:46:36,868: ERROR: ccengine.domain.tq_search.response.tq_search.Search: argument of type 'NoneType' is not iterable
Traceback (most recent call last):
  File "/var/lib/jenkins/jobs/CloudCafe(Negative)/workspace/lib/ccengine/domain/base_domain.py", line 93, in deserialize
    ret = getattr(cls, '_%s_to_obj' % format_type)(serialized_str)
  File "/var/lib/jenkins/jobs/CloudCafe(Negative)/workspace/lib/ccengine/domain/tq_search/response/tq_search.py", line 90, in _json_to_obj
    ret.ticket = TicketDetails(response)
  File "/var/lib/jenkins/jobs/CloudCafe(Negative)/workspace/lib/ccengine/domain/tq_search/response/tq_search.py", line 107, in __init__
    if not "source_system" in ticket:
TypeError: argument of type 'NoneType' is not iterable
2013-06-25 09:46:36,868: DEBUG: ccengine.domain.tq_search.response.tq_search.Search: Deserialization Error: Attempted to deserialize type using type: json
2013-06-25 09:46:36,868: DEBUG: ccengine.domain.tq_search.response.tq_search.Search: Deserialization Error: Unble to deserialize the following:
{"badRequest":{"message":"Bad Request","detail":"Not a valid Request","code":400}}
2013-06-25 09:46:36,868: DEBUG: root: 
========================================================
TEARING DOWN TestListTickets at 2013-06-25 09:46:36.868868
========================================================
2013-06-25 09:46:41,868: DEBUG: root: 
========================================================
test_no_value_of_limit_returns_zero_tickets STARTING at 2013-06-25 09:46:41.868643
========================================================
2013-06-25 09:46:41,869: DEBUG: ccengine.common.connectors.rest: (<ccengine.clients.tq_search.gate_api.SearchApiClient object at 0x153ace10>, 'GET', 'http://staging.search.api.rackspace.com/tickets') {'headers': {}, 'params': {'status': None, 'sort': None, 'queue': None, 'updatedAt': None, 'number': None, 'priority': None, 'limit': 0, 'createdAt_range': None, 'offset': 0, 'category': None, 'createdAt': None, 'subject': None}, 'data': None, 'auth': None, 'verify': False}
2013-06-25 09:46:41,870: INFO: requests.packages.urllib3.connectionpool: Starting new HTTP connection (1): staging.search.api.rackspace.com
2013-06-25 09:46:41,892: DEBUG: requests.packages.urllib3.connectionpool: "GET /tickets?limit=0&offset=0 HTTP/1.1" 200 None
2013-06-25 09:46:41,893: DEBUG: ccengine.common.connectors.rest: 
------------
REQUEST SENT
------------
request method  : GET
request url     : http://staging.search.api.rackspace.com/tickets
request params  : limit=0&offset=0
request headers : CaseInsensitiveDict({'Accept-Encoding': 'gzip, deflate, compress', 'Accept': '*/*', 'User-Agent': 'python-requests/1.2.3 CPython/2.7.3 Linux/2.6.18-348.2.1.el5xen'})
request body    : None

2013-06-25 09:46:41,893: DEBUG: ccengine.common.connectors.rest: 
-----------------
RESPONSE RECIEVED
-----------------
response status  : <Response [200]>
response time    : 0.02432513237
response headers : CaseInsensitiveDict({'date': 'Tue, 25 Jun 2013 09:39:32 GMT', 'transfer-encoding': 'chunked', 'connection': 'keep-alive', 'content-type': 'application/json', 'server': 'nginx/1.1.19'})
response body    : {"response":{"total":71163,"limit":0,"offset":0,"tickets":[],"facets":[],"links":[{"rel":"last","href":"http://staging.search.api.rackspace.com/tickets?limit=0&offset=0"},{"rel":"next","href":"http://staging.search.api.rackspace.com/tickets?limit=0&offset=0"},{"rel":"first","href":"http://staging.search.api.rackspace.com/tickets?limit=0&offset=0"}]}}
-------------------------------------------------------------------------------
2013-06-25 09:46:41,894: DEBUG: root: 
========================================================
TEARING DOWN TestListTickets at 2013-06-25 09:46:41.894210
========================================================
2013-06-25 09:46:46,888: DEBUG: root: 
========================================================
TEARING DOWN TestListTickets at 2013-06-25 09:46:46.888857
========================================================
2013-06-25 09:46:46,890: INFO: RunnerLog: Ran 5 Tests
2013-06-25 09:46:46,890: INFO: RunnerLog: Passing all tests
2013-06-25 09:46:46,890: INFO: RunnerLog: 

